1615812598395	geckodriver	INFO	Listening on 127.0.0.1:35175
1615812598405	mozrunner::runner	INFO	Running command: "/usr/bin/firefox" "--marionette" "-foreground" "-no-remote" "-profile" "/tmp/rust_mozprofilebxLcGI"
console.warn: SearchSettings: "get: No settings file exists, new profile?" (new Error("", "(unknown module)"))
1615812604695	Marionette	INFO	Listening on port 42387
1615812604741	Marionette	WARN	TLS certificate errors will be ignored for this session
JavaScript error: resource://activity-stream/lib/ASRouter.jsm, line 988: NS_ERROR_ILLEGAL_VALUE: Component returned failure code: 0x80070057 (NS_ERROR_ILLEGAL_VALUE) [nsIObserverService.removeObserver]
1615812613334	Marionette	INFO	Stopped listening on port 42387
1616063801119	geckodriver	INFO	Listening on 127.0.0.1:40203
1616063801126	mozrunner::runner	INFO	Running command: "/usr/bin/firefox" "--marionette" "-foreground" "-no-remote" "-profile" "/tmp/rust_mozprofilecmgaph"
console.warn: SearchSettings: "get: No settings file exists, new profile?" (new Error("", "(unknown module)"))
1616063806113	Marionette	INFO	Listening on port 43853
1616063806175	Marionette	WARN	TLS certificate errors will be ignored for this session
console.error: Region.jsm: "Error fetching region" (new Error("TIMEOUT", "resource://gre/modules/Region.jsm", 775))
console.error: Region.jsm: "Failed to fetch region" (new Error("TIMEOUT", "resource://gre/modules/Region.jsm", 422))
JavaScript error: https://images-na.ssl-images-amazon.com/images/I/11Y+5x+kkTL._RC|51IWYO5M+zL.js,112nmCqUymL.js,11giXtZCwVL.js,01+z+uIeJ-L.js,014NohEdE7L.js,21NNXfMitSL.js,11GXfd3+z+L.js,51gm4oPD2cL.js,11AHlQhPRjL.js,11UNQpqeowL.js,11OREnu1epL.js,11KbZymw5ZL.js,21r53SJg7LL.js,0190vxtlzcL.js,51bbIMIQQwL.js,31KrK+dcMcL.js,01Gf12ogmOL.js,01ezj5Rkz1L.js,11VS-C+YWGL.js,31pOTH2ZMRL.js,01rpauTep4L.js,01zbcJxtbAL.js_.js?AUIClients/AmazonUI&tbOQM7bq#page_type-Detail.309035-T1, line 150: SyntaxError: FontFaceSet.load: Invalid font shorthand
JavaScript error: https://images-na.ssl-images-amazon.com/images/I/11Y+5x+kkTL._RC|51IWYO5M+zL.js,112nmCqUymL.js,11giXtZCwVL.js,01+z+uIeJ-L.js,014NohEdE7L.js,21NNXfMitSL.js,11GXfd3+z+L.js,51gm4oPD2cL.js,11AHlQhPRjL.js,11UNQpqeowL.js,11OREnu1epL.js,11KbZymw5ZL.js,21r53SJg7LL.js,0190vxtlzcL.js,51bbIMIQQwL.js,31KrK+dcMcL.js,01Gf12ogmOL.js,01ezj5Rkz1L.js,11VS-C+YWGL.js,31pOTH2ZMRL.js,01rpauTep4L.js,01zbcJxtbAL.js_.js?AUIClients/AmazonUI&tbOQM7bq#page_type-Detail.309035-T1, line 150: SyntaxError: FontFaceSet.load: Invalid font shorthand
JavaScript error: https://images-na.ssl-images-amazon.com/images/I/11Y+5x+kkTL._RC|51IWYO5M+zL.js,112nmCqUymL.js,11giXtZCwVL.js,01+z+uIeJ-L.js,014NohEdE7L.js,21NNXfMitSL.js,11GXfd3+z+L.js,51gm4oPD2cL.js,11AHlQhPRjL.js,11UNQpqeowL.js,11OREnu1epL.js,11KbZymw5ZL.js,21r53SJg7LL.js,0190vxtlzcL.js,51bbIMIQQwL.js,31KrK+dcMcL.js,01Gf12ogmOL.js,01ezj5Rkz1L.js,11VS-C+YWGL.js,31pOTH2ZMRL.js,01rpauTep4L.js,01zbcJxtbAL.js_.js?AUIClients/AmazonUI&tbOQM7bq#page_type-Detail.309035-T1, line 150: SyntaxError: FontFaceSet.load: Invalid font shorthand
JavaScript error: https://images-na.ssl-images-amazon.com/images/I/11Y+5x+kkTL._RC|51IWYO5M+zL.js,112nmCqUymL.js,11giXtZCwVL.js,01+z+uIeJ-L.js,014NohEdE7L.js,21NNXfMitSL.js,11GXfd3+z+L.js,51gm4oPD2cL.js,11AHlQhPRjL.js,11UNQpqeowL.js,11OREnu1epL.js,11KbZymw5ZL.js,21r53SJg7LL.js,0190vxtlzcL.js,51bbIMIQQwL.js,31KrK+dcMcL.js,01Gf12ogmOL.js,01ezj5Rkz1L.js,11VS-C+YWGL.js,31pOTH2ZMRL.js,01rpauTep4L.js,01zbcJxtbAL.js_.js?AUIClients/AmazonUI&tbOQM7bq#page_type-Detail.309035-T1, line 150: SyntaxError: FontFaceSet.load: Invalid font shorthand
JavaScript error: resource://activity-stream/lib/ASRouter.jsm, line 988: NS_ERROR_ILLEGAL_VALUE: Component returned failure code: 0x80070057 (NS_ERROR_ILLEGAL_VALUE) [nsIObserverService.removeObserver]
1616063837021	Marionette	INFO	Stopped listening on port 43853
1616063845291	geckodriver	INFO	Listening on 127.0.0.1:39731
1616063845300	mozrunner::runner	INFO	Running command: "/usr/bin/firefox" "--marionette" "-foreground" "-no-remote" "-profile" "/tmp/rust_mozprofilepD29Zd"
console.warn: SearchSettings: "get: No settings file exists, new profile?" (new Error("", "(unknown module)"))
1616063850125	Marionette	INFO	Listening on port 43591
1616063850235	Marionette	WARN	TLS certificate errors will be ignored for this session
JavaScript error: https://images-na.ssl-images-amazon.com/images/I/11Y+5x+kkTL._RC|51IWYO5M+zL.js,112nmCqUymL.js,11giXtZCwVL.js,01+z+uIeJ-L.js,014NohEdE7L.js,21NNXfMitSL.js,11GXfd3+z+L.js,11AHlQhPRjL.js,11UNQpqeowL.js,11OREnu1epL.js,11KbZymw5ZL.js,21r53SJg7LL.js,0190vxtlzcL.js,01ezj5Rkz1L.js,11VS-C+YWGL.js,31pOTH2ZMRL.js,01rpauTep4L.js,01zbcJxtbAL.js_.js?AUIClients/AmazonUI&Dj66etiu#page_type-Detail.319488-T1.309035-T1, line 150: SyntaxError: FontFaceSet.load: Invalid font shorthand
JavaScript error: https://images-na.ssl-images-amazon.com/images/I/11Y+5x+kkTL._RC|51IWYO5M+zL.js,112nmCqUymL.js,11giXtZCwVL.js,01+z+uIeJ-L.js,014NohEdE7L.js,21NNXfMitSL.js,11GXfd3+z+L.js,11AHlQhPRjL.js,11UNQpqeowL.js,11OREnu1epL.js,11KbZymw5ZL.js,21r53SJg7LL.js,0190vxtlzcL.js,01ezj5Rkz1L.js,11VS-C+YWGL.js,31pOTH2ZMRL.js,01rpauTep4L.js,01zbcJxtbAL.js_.js?AUIClients/AmazonUI&Dj66etiu#page_type-Detail.319488-T1.309035-T1, line 150: SyntaxError: FontFaceSet.load: Invalid font shorthand
JavaScript error: https://images-na.ssl-images-amazon.com/images/I/11Y+5x+kkTL._RC|51IWYO5M+zL.js,112nmCqUymL.js,11giXtZCwVL.js,01+z+uIeJ-L.js,014NohEdE7L.js,21NNXfMitSL.js,11GXfd3+z+L.js,11AHlQhPRjL.js,11UNQpqeowL.js,11OREnu1epL.js,11KbZymw5ZL.js,21r53SJg7LL.js,0190vxtlzcL.js,01ezj5Rkz1L.js,11VS-C+YWGL.js,31pOTH2ZMRL.js,01rpauTep4L.js,01zbcJxtbAL.js_.js?AUIClients/AmazonUI&Dj66etiu#page_type-Detail.319488-T1.309035-T1, line 150: SyntaxError: FontFaceSet.load: Invalid font shorthand
JavaScript error: https://images-na.ssl-images-amazon.com/images/I/11Y+5x+kkTL._RC|51IWYO5M+zL.js,112nmCqUymL.js,11giXtZCwVL.js,01+z+uIeJ-L.js,014NohEdE7L.js,21NNXfMitSL.js,11GXfd3+z+L.js,11AHlQhPRjL.js,11UNQpqeowL.js,11OREnu1epL.js,11KbZymw5ZL.js,21r53SJg7LL.js,0190vxtlzcL.js,01ezj5Rkz1L.js,11VS-C+YWGL.js,31pOTH2ZMRL.js,01rpauTep4L.js,01zbcJxtbAL.js_.js?AUIClients/AmazonUI&Dj66etiu#page_type-Detail.319488-T1.309035-T1, line 150: SyntaxError: FontFaceSet.load: Invalid font shorthand
1616063928092	geckodriver	INFO	Listening on 127.0.0.1:36047
1616063928100	mozrunner::runner	INFO	Running command: "/usr/bin/firefox" "--marionette" "-foreground" "-no-remote" "-profile" "/tmp/rust_mozprofile1dOyxg"
console.warn: SearchSettings: "get: No settings file exists, new profile?" (new Error("", "(unknown module)"))
1616063932862	Marionette	INFO	Listening on port 43019
1616063932930	Marionette	WARN	TLS certificate errors will be ignored for this session
JavaScript error: resource://activity-stream/lib/ASRouter.jsm, line 988: NS_ERROR_ILLEGAL_VALUE: Component returned failure code: 0x80070057 (NS_ERROR_ILLEGAL_VALUE) [nsIObserverService.removeObserver]
JavaScript error: https://images-na.ssl-images-amazon.com/images/I/11Y+5x+kkTL._RC|51IWYO5M+zL.js,112nmCqUymL.js,11giXtZCwVL.js,01+z+uIeJ-L.js,014NohEdE7L.js,21NNXfMitSL.js,11GXfd3+z+L.js,51gm4oPD2cL.js,11AHlQhPRjL.js,11UNQpqeowL.js,11OREnu1epL.js,11KbZymw5ZL.js,21r53SJg7LL.js,0190vxtlzcL.js,51bbIMIQQwL.js,31KrK+dcMcL.js,01Gf12ogmOL.js,01ezj5Rkz1L.js,11VS-C+YWGL.js,31pOTH2ZMRL.js,01rpauTep4L.js,01zbcJxtbAL.js_.js?AUIClients/AmazonUI&Dj66etiu#page_type-Detail.319488-T1.309035-T1, line 150: SyntaxError: FontFaceSet.load: Invalid font shorthand
JavaScript error: https://images-na.ssl-images-amazon.com/images/I/11Y+5x+kkTL._RC|51IWYO5M+zL.js,112nmCqUymL.js,11giXtZCwVL.js,01+z+uIeJ-L.js,014NohEdE7L.js,21NNXfMitSL.js,11GXfd3+z+L.js,51gm4oPD2cL.js,11AHlQhPRjL.js,11UNQpqeowL.js,11OREnu1epL.js,11KbZymw5ZL.js,21r53SJg7LL.js,0190vxtlzcL.js,51bbIMIQQwL.js,31KrK+dcMcL.js,01Gf12ogmOL.js,01ezj5Rkz1L.js,11VS-C+YWGL.js,31pOTH2ZMRL.js,01rpauTep4L.js,01zbcJxtbAL.js_.js?AUIClients/AmazonUI&Dj66etiu#page_type-Detail.319488-T1.309035-T1, line 150: SyntaxError: FontFaceSet.load: Invalid font shorthand
JavaScript error: https://images-na.ssl-images-amazon.com/images/I/11Y+5x+kkTL._RC|51IWYO5M+zL.js,112nmCqUymL.js,11giXtZCwVL.js,01+z+uIeJ-L.js,014NohEdE7L.js,21NNXfMitSL.js,11GXfd3+z+L.js,51gm4oPD2cL.js,11AHlQhPRjL.js,11UNQpqeowL.js,11OREnu1epL.js,11KbZymw5ZL.js,21r53SJg7LL.js,0190vxtlzcL.js,51bbIMIQQwL.js,31KrK+dcMcL.js,01Gf12ogmOL.js,01ezj5Rkz1L.js,11VS-C+YWGL.js,31pOTH2ZMRL.js,01rpauTep4L.js,01zbcJxtbAL.js_.js?AUIClients/AmazonUI&Dj66etiu#page_type-Detail.319488-T1.309035-T1, line 150: SyntaxError: FontFaceSet.load: Invalid font shorthand
JavaScript error: https://images-na.ssl-images-amazon.com/images/I/11Y+5x+kkTL._RC|51IWYO5M+zL.js,112nmCqUymL.js,11giXtZCwVL.js,01+z+uIeJ-L.js,014NohEdE7L.js,21NNXfMitSL.js,11GXfd3+z+L.js,51gm4oPD2cL.js,11AHlQhPRjL.js,11UNQpqeowL.js,11OREnu1epL.js,11KbZymw5ZL.js,21r53SJg7LL.js,0190vxtlzcL.js,51bbIMIQQwL.js,31KrK+dcMcL.js,01Gf12ogmOL.js,01ezj5Rkz1L.js,11VS-C+YWGL.js,31pOTH2ZMRL.js,01rpauTep4L.js,01zbcJxtbAL.js_.js?AUIClients/AmazonUI&Dj66etiu#page_type-Detail.319488-T1.309035-T1, line 150: SyntaxError: FontFaceSet.load: Invalid font shorthand
1616063938473	Marionette	INFO	Stopped listening on port 43591

###!!! [Parent][RunMessage] Error: Channel closing: too late to send/recv, messages will be lost

JavaScript error: resource://activity-stream/lib/ASRouter.jsm, line 988: NS_ERROR_ILLEGAL_VALUE: Component returned failure code: 0x80070057 (NS_ERROR_ILLEGAL_VALUE) [nsIObserverService.removeObserver]
1616063964957	Marionette	INFO	Stopped listening on port 43019
1616064325566	geckodriver	INFO	Listening on 127.0.0.1:35213
1616064325573	mozrunner::runner	INFO	Running command: "/usr/bin/firefox" "--marionette" "-foreground" "-no-remote" "-profile" "/tmp/rust_mozprofileChgnBu"
console.warn: SearchSettings: "get: No settings file exists, new profile?" (new Error("", "(unknown module)"))
1616064330389	Marionette	INFO	Listening on port 35357
1616064330508	Marionette	WARN	TLS certificate errors will be ignored for this session
JavaScript error: https://images-na.ssl-images-amazon.com/images/I/11Y+5x+kkTL._RC|51IWYO5M+zL.js,112nmCqUymL.js,11giXtZCwVL.js,01+z+uIeJ-L.js,014NohEdE7L.js,21NNXfMitSL.js,11GXfd3+z+L.js,51gm4oPD2cL.js,11AHlQhPRjL.js,11UNQpqeowL.js,11OREnu1epL.js,11KbZymw5ZL.js,21r53SJg7LL.js,0190vxtlzcL.js,51bbIMIQQwL.js,31KrK+dcMcL.js,01Gf12ogmOL.js,01ezj5Rkz1L.js,11VS-C+YWGL.js,31pOTH2ZMRL.js,01rpauTep4L.js,01zbcJxtbAL.js_.js?AUIClients/AmazonUI&tbOQM7bq#page_type-Detail.309035-T1, line 150: SyntaxError: FontFaceSet.load: Invalid font shorthand
JavaScript error: https://images-na.ssl-images-amazon.com/images/I/11Y+5x+kkTL._RC|51IWYO5M+zL.js,112nmCqUymL.js,11giXtZCwVL.js,01+z+uIeJ-L.js,014NohEdE7L.js,21NNXfMitSL.js,11GXfd3+z+L.js,51gm4oPD2cL.js,11AHlQhPRjL.js,11UNQpqeowL.js,11OREnu1epL.js,11KbZymw5ZL.js,21r53SJg7LL.js,0190vxtlzcL.js,51bbIMIQQwL.js,31KrK+dcMcL.js,01Gf12ogmOL.js,01ezj5Rkz1L.js,11VS-C+YWGL.js,31pOTH2ZMRL.js,01rpauTep4L.js,01zbcJxtbAL.js_.js?AUIClients/AmazonUI&tbOQM7bq#page_type-Detail.309035-T1, line 150: SyntaxError: FontFaceSet.load: Invalid font shorthand
JavaScript error: https://images-na.ssl-images-amazon.com/images/I/11Y+5x+kkTL._RC|51IWYO5M+zL.js,112nmCqUymL.js,11giXtZCwVL.js,01+z+uIeJ-L.js,014NohEdE7L.js,21NNXfMitSL.js,11GXfd3+z+L.js,51gm4oPD2cL.js,11AHlQhPRjL.js,11UNQpqeowL.js,11OREnu1epL.js,11KbZymw5ZL.js,21r53SJg7LL.js,0190vxtlzcL.js,51bbIMIQQwL.js,31KrK+dcMcL.js,01Gf12ogmOL.js,01ezj5Rkz1L.js,11VS-C+YWGL.js,31pOTH2ZMRL.js,01rpauTep4L.js,01zbcJxtbAL.js_.js?AUIClients/AmazonUI&tbOQM7bq#page_type-Detail.309035-T1, line 150: SyntaxError: FontFaceSet.load: Invalid font shorthand
JavaScript error: https://images-na.ssl-images-amazon.com/images/I/11Y+5x+kkTL._RC|51IWYO5M+zL.js,112nmCqUymL.js,11giXtZCwVL.js,01+z+uIeJ-L.js,014NohEdE7L.js,21NNXfMitSL.js,11GXfd3+z+L.js,51gm4oPD2cL.js,11AHlQhPRjL.js,11UNQpqeowL.js,11OREnu1epL.js,11KbZymw5ZL.js,21r53SJg7LL.js,0190vxtlzcL.js,51bbIMIQQwL.js,31KrK+dcMcL.js,01Gf12ogmOL.js,01ezj5Rkz1L.js,11VS-C+YWGL.js,31pOTH2ZMRL.js,01rpauTep4L.js,01zbcJxtbAL.js_.js?AUIClients/AmazonUI&tbOQM7bq#page_type-Detail.309035-T1, line 150: SyntaxError: FontFaceSet.load: Invalid font shorthand
JavaScript error: resource://activity-stream/lib/ASRouter.jsm, line 988: NS_ERROR_ILLEGAL_VALUE: Component returned failure code: 0x80070057 (NS_ERROR_ILLEGAL_VALUE) [nsIObserverService.removeObserver]
1616064401831	Marionette	INFO	Stopped listening on port 35357

###!!! [Parent][RunMessage] Error: Channel closing: too late to send/recv, messages will be lost

1616064679740	geckodriver	INFO	Listening on 127.0.0.1:50631
1616064679749	mozrunner::runner	INFO	Running command: "/usr/bin/firefox" "--marionette" "-foreground" "-no-remote" "-profile" "/tmp/rust_mozprofileJUH8B4"
console.warn: SearchSettings: "get: No settings file exists, new profile?" (new Error("", "(unknown module)"))
1616064684468	Marionette	INFO	Listening on port 44399
1616064684579	Marionette	WARN	TLS certificate errors will be ignored for this session
JavaScript error: https://images-na.ssl-images-amazon.com/images/I/11Y+5x+kkTL._RC|51IWYO5M+zL.js,112nmCqUymL.js,11giXtZCwVL.js,01+z+uIeJ-L.js,014NohEdE7L.js,21NNXfMitSL.js,11GXfd3+z+L.js,51gm4oPD2cL.js,11AHlQhPRjL.js,11UNQpqeowL.js,11OREnu1epL.js,11KbZymw5ZL.js,21r53SJg7LL.js,0190vxtlzcL.js,51bbIMIQQwL.js,31KrK+dcMcL.js,01Gf12ogmOL.js,01ezj5Rkz1L.js,11VS-C+YWGL.js,31pOTH2ZMRL.js,01rpauTep4L.js,01zbcJxtbAL.js_.js?AUIClients/AmazonUI&tbOQM7bq#page_type-Detail.309035-T1, line 150: SyntaxError: FontFaceSet.load: Invalid font shorthand
JavaScript error: https://images-na.ssl-images-amazon.com/images/I/11Y+5x+kkTL._RC|51IWYO5M+zL.js,112nmCqUymL.js,11giXtZCwVL.js,01+z+uIeJ-L.js,014NohEdE7L.js,21NNXfMitSL.js,11GXfd3+z+L.js,51gm4oPD2cL.js,11AHlQhPRjL.js,11UNQpqeowL.js,11OREnu1epL.js,11KbZymw5ZL.js,21r53SJg7LL.js,0190vxtlzcL.js,51bbIMIQQwL.js,31KrK+dcMcL.js,01Gf12ogmOL.js,01ezj5Rkz1L.js,11VS-C+YWGL.js,31pOTH2ZMRL.js,01rpauTep4L.js,01zbcJxtbAL.js_.js?AUIClients/AmazonUI&tbOQM7bq#page_type-Detail.309035-T1, line 150: SyntaxError: FontFaceSet.load: Invalid font shorthand
JavaScript error: https://images-na.ssl-images-amazon.com/images/I/11Y+5x+kkTL._RC|51IWYO5M+zL.js,112nmCqUymL.js,11giXtZCwVL.js,01+z+uIeJ-L.js,014NohEdE7L.js,21NNXfMitSL.js,11GXfd3+z+L.js,51gm4oPD2cL.js,11AHlQhPRjL.js,11UNQpqeowL.js,11OREnu1epL.js,11KbZymw5ZL.js,21r53SJg7LL.js,0190vxtlzcL.js,51bbIMIQQwL.js,31KrK+dcMcL.js,01Gf12ogmOL.js,01ezj5Rkz1L.js,11VS-C+YWGL.js,31pOTH2ZMRL.js,01rpauTep4L.js,01zbcJxtbAL.js_.js?AUIClients/AmazonUI&tbOQM7bq#page_type-Detail.309035-T1, line 150: SyntaxError: FontFaceSet.load: Invalid font shorthand
JavaScript error: https://images-na.ssl-images-amazon.com/images/I/11Y+5x+kkTL._RC|51IWYO5M+zL.js,112nmCqUymL.js,11giXtZCwVL.js,01+z+uIeJ-L.js,014NohEdE7L.js,21NNXfMitSL.js,11GXfd3+z+L.js,51gm4oPD2cL.js,11AHlQhPRjL.js,11UNQpqeowL.js,11OREnu1epL.js,11KbZymw5ZL.js,21r53SJg7LL.js,0190vxtlzcL.js,51bbIMIQQwL.js,31KrK+dcMcL.js,01Gf12ogmOL.js,01ezj5Rkz1L.js,11VS-C+YWGL.js,31pOTH2ZMRL.js,01rpauTep4L.js,01zbcJxtbAL.js_.js?AUIClients/AmazonUI&tbOQM7bq#page_type-Detail.309035-T1, line 150: SyntaxError: FontFaceSet.load: Invalid font shorthand
Exiting due to channel error.
Exiting due to channel error.
Exiting due to channel error.
1616064699886	geckodriver	INFO	Listening on 127.0.0.1:41923
1616064699894	mozrunner::runner	INFO	Running command: "/usr/bin/firefox" "--marionette" "-foreground" "-no-remote" "-profile" "/tmp/rust_mozprofile2e0vNA"
console.warn: SearchSettings: "get: No settings file exists, new profile?" (new Error("", "(unknown module)"))
1616064704609	Marionette	INFO	Listening on port 42931
1616064704725	Marionette	WARN	TLS certificate errors will be ignored for this session
JavaScript error: https://images-na.ssl-images-amazon.com/images/I/11Y+5x+kkTL._RC|51IWYO5M+zL.js,112nmCqUymL.js,11giXtZCwVL.js,01+z+uIeJ-L.js,014NohEdE7L.js,21NNXfMitSL.js,11GXfd3+z+L.js,11AHlQhPRjL.js,11UNQpqeowL.js,11OREnu1epL.js,11KbZymw5ZL.js,21r53SJg7LL.js,0190vxtlzcL.js,01ezj5Rkz1L.js,11VS-C+YWGL.js,31pOTH2ZMRL.js,01rpauTep4L.js,01zbcJxtbAL.js_.js?AUIClients/AmazonUI&tbOQM7bq#page_type-Detail.309035-T1, line 150: SyntaxError: FontFaceSet.load: Invalid font shorthand
JavaScript error: https://images-na.ssl-images-amazon.com/images/I/11Y+5x+kkTL._RC|51IWYO5M+zL.js,112nmCqUymL.js,11giXtZCwVL.js,01+z+uIeJ-L.js,014NohEdE7L.js,21NNXfMitSL.js,11GXfd3+z+L.js,11AHlQhPRjL.js,11UNQpqeowL.js,11OREnu1epL.js,11KbZymw5ZL.js,21r53SJg7LL.js,0190vxtlzcL.js,01ezj5Rkz1L.js,11VS-C+YWGL.js,31pOTH2ZMRL.js,01rpauTep4L.js,01zbcJxtbAL.js_.js?AUIClients/AmazonUI&tbOQM7bq#page_type-Detail.309035-T1, line 150: SyntaxError: FontFaceSet.load: Invalid font shorthand
JavaScript error: https://images-na.ssl-images-amazon.com/images/I/11Y+5x+kkTL._RC|51IWYO5M+zL.js,112nmCqUymL.js,11giXtZCwVL.js,01+z+uIeJ-L.js,014NohEdE7L.js,21NNXfMitSL.js,11GXfd3+z+L.js,11AHlQhPRjL.js,11UNQpqeowL.js,11OREnu1epL.js,11KbZymw5ZL.js,21r53SJg7LL.js,0190vxtlzcL.js,01ezj5Rkz1L.js,11VS-C+YWGL.js,31pOTH2ZMRL.js,01rpauTep4L.js,01zbcJxtbAL.js_.js?AUIClients/AmazonUI&tbOQM7bq#page_type-Detail.309035-T1, line 150: SyntaxError: FontFaceSet.load: Invalid font shorthand
JavaScript error: https://images-na.ssl-images-amazon.com/images/I/11Y+5x+kkTL._RC|51IWYO5M+zL.js,112nmCqUymL.js,11giXtZCwVL.js,01+z+uIeJ-L.js,014NohEdE7L.js,21NNXfMitSL.js,11GXfd3+z+L.js,11AHlQhPRjL.js,11UNQpqeowL.js,11OREnu1epL.js,11KbZymw5ZL.js,21r53SJg7LL.js,0190vxtlzcL.js,01ezj5Rkz1L.js,11VS-C+YWGL.js,31pOTH2ZMRL.js,01rpauTep4L.js,01zbcJxtbAL.js_.js?AUIClients/AmazonUI&tbOQM7bq#page_type-Detail.309035-T1, line 150: SyntaxError: FontFaceSet.load: Invalid font shorthand
JavaScript error: resource://activity-stream/lib/ASRouter.jsm, line 988: NS_ERROR_ILLEGAL_VALUE: Component returned failure code: 0x80070057 (NS_ERROR_ILLEGAL_VALUE) [nsIObserverService.removeObserver]
1616064777905	Marionette	INFO	Stopped listening on port 42931
1616064778320	geckodriver	INFO	Listening on 127.0.0.1:42975
1616064778327	mozrunner::runner	INFO	Running command: "/usr/bin/firefox" "--marionette" "-foreground" "-no-remote" "-profile" "/tmp/rust_mozprofileJDlaWM"
console.warn: SearchSettings: "get: No settings file exists, new profile?" (new Error("", "(unknown module)"))
1616064782884	Marionette	INFO	Listening on port 46565
1616064782958	Marionette	WARN	TLS certificate errors will be ignored for this session
JavaScript error: https://images-na.ssl-images-amazon.com/images/I/11Y+5x+kkTL._RC|51IWYO5M+zL.js,112nmCqUymL.js,11giXtZCwVL.js,01+z+uIeJ-L.js,014NohEdE7L.js,21NNXfMitSL.js,11GXfd3+z+L.js,51gm4oPD2cL.js,11AHlQhPRjL.js,11UNQpqeowL.js,11OREnu1epL.js,11KbZymw5ZL.js,21r53SJg7LL.js,0190vxtlzcL.js,51bbIMIQQwL.js,31KrK+dcMcL.js,01Gf12ogmOL.js,01ezj5Rkz1L.js,11VS-C+YWGL.js,31pOTH2ZMRL.js,01rpauTep4L.js,01zbcJxtbAL.js_.js?AUIClients/AmazonUI&Dj66etiu#page_type-Detail.319488-T1.309035-T1, line 150: SyntaxError: FontFaceSet.load: Invalid font shorthand
JavaScript error: https://images-na.ssl-images-amazon.com/images/I/11Y+5x+kkTL._RC|51IWYO5M+zL.js,112nmCqUymL.js,11giXtZCwVL.js,01+z+uIeJ-L.js,014NohEdE7L.js,21NNXfMitSL.js,11GXfd3+z+L.js,51gm4oPD2cL.js,11AHlQhPRjL.js,11UNQpqeowL.js,11OREnu1epL.js,11KbZymw5ZL.js,21r53SJg7LL.js,0190vxtlzcL.js,51bbIMIQQwL.js,31KrK+dcMcL.js,01Gf12ogmOL.js,01ezj5Rkz1L.js,11VS-C+YWGL.js,31pOTH2ZMRL.js,01rpauTep4L.js,01zbcJxtbAL.js_.js?AUIClients/AmazonUI&Dj66etiu#page_type-Detail.319488-T1.309035-T1, line 150: SyntaxError: FontFaceSet.load: Invalid font shorthand
JavaScript error: https://images-na.ssl-images-amazon.com/images/I/11Y+5x+kkTL._RC|51IWYO5M+zL.js,112nmCqUymL.js,11giXtZCwVL.js,01+z+uIeJ-L.js,014NohEdE7L.js,21NNXfMitSL.js,11GXfd3+z+L.js,51gm4oPD2cL.js,11AHlQhPRjL.js,11UNQpqeowL.js,11OREnu1epL.js,11KbZymw5ZL.js,21r53SJg7LL.js,0190vxtlzcL.js,51bbIMIQQwL.js,31KrK+dcMcL.js,01Gf12ogmOL.js,01ezj5Rkz1L.js,11VS-C+YWGL.js,31pOTH2ZMRL.js,01rpauTep4L.js,01zbcJxtbAL.js_.js?AUIClients/AmazonUI&Dj66etiu#page_type-Detail.319488-T1.309035-T1, line 150: SyntaxError: FontFaceSet.load: Invalid font shorthand
JavaScript error: https://images-na.ssl-images-amazon.com/images/I/11Y+5x+kkTL._RC|51IWYO5M+zL.js,112nmCqUymL.js,11giXtZCwVL.js,01+z+uIeJ-L.js,014NohEdE7L.js,21NNXfMitSL.js,11GXfd3+z+L.js,51gm4oPD2cL.js,11AHlQhPRjL.js,11UNQpqeowL.js,11OREnu1epL.js,11KbZymw5ZL.js,21r53SJg7LL.js,0190vxtlzcL.js,51bbIMIQQwL.js,31KrK+dcMcL.js,01Gf12ogmOL.js,01ezj5Rkz1L.js,11VS-C+YWGL.js,31pOTH2ZMRL.js,01rpauTep4L.js,01zbcJxtbAL.js_.js?AUIClients/AmazonUI&Dj66etiu#page_type-Detail.319488-T1.309035-T1, line 150: SyntaxError: FontFaceSet.load: Invalid font shorthand
JavaScript error: , line 0: TypeError: NetworkError when attempting to fetch resource.
JavaScript error: , line 0: TypeError: NetworkError when attempting to fetch resource.
JavaScript error: , line 0: TypeError: NetworkError when attempting to fetch resource.
JavaScript error: , line 0: TypeError: NetworkError when attempting to fetch resource.
JavaScript error: resource://activity-stream/lib/ASRouter.jsm, line 988: NS_ERROR_ILLEGAL_VALUE: Component returned failure code: 0x80070057 (NS_ERROR_ILLEGAL_VALUE) [nsIObserverService.removeObserver]
1616064831815	Marionette	INFO	Stopped listening on port 46565
1616064841116	geckodriver	INFO	Listening on 127.0.0.1:60823
1616064841126	mozrunner::runner	INFO	Running command: "/usr/bin/firefox" "--marionette" "-foreground" "-no-remote" "-profile" "/tmp/rust_mozprofileLpT5x5"
console.warn: SearchSettings: "get: No settings file exists, new profile?" (new Error("", "(unknown module)"))
1616064845631	Marionette	INFO	Listening on port 44119
1616064845660	Marionette	WARN	TLS certificate errors will be ignored for this session
JavaScript error: https://images-na.ssl-images-amazon.com/images/I/11Y+5x+kkTL._RC|51IWYO5M+zL.js,112nmCqUymL.js,11giXtZCwVL.js,01+z+uIeJ-L.js,014NohEdE7L.js,21NNXfMitSL.js,11GXfd3+z+L.js,51gm4oPD2cL.js,11AHlQhPRjL.js,11UNQpqeowL.js,11OREnu1epL.js,11KbZymw5ZL.js,21r53SJg7LL.js,0190vxtlzcL.js,51bbIMIQQwL.js,31KrK+dcMcL.js,01Gf12ogmOL.js,01ezj5Rkz1L.js,11VS-C+YWGL.js,31pOTH2ZMRL.js,01rpauTep4L.js,01zbcJxtbAL.js_.js?AUIClients/AmazonUI&Dj66etiu#page_type-Detail.319488-T1.309035-T1, line 150: SyntaxError: FontFaceSet.load: Invalid font shorthand
JavaScript error: https://images-na.ssl-images-amazon.com/images/I/11Y+5x+kkTL._RC|51IWYO5M+zL.js,112nmCqUymL.js,11giXtZCwVL.js,01+z+uIeJ-L.js,014NohEdE7L.js,21NNXfMitSL.js,11GXfd3+z+L.js,51gm4oPD2cL.js,11AHlQhPRjL.js,11UNQpqeowL.js,11OREnu1epL.js,11KbZymw5ZL.js,21r53SJg7LL.js,0190vxtlzcL.js,51bbIMIQQwL.js,31KrK+dcMcL.js,01Gf12ogmOL.js,01ezj5Rkz1L.js,11VS-C+YWGL.js,31pOTH2ZMRL.js,01rpauTep4L.js,01zbcJxtbAL.js_.js?AUIClients/AmazonUI&Dj66etiu#page_type-Detail.319488-T1.309035-T1, line 150: SyntaxError: FontFaceSet.load: Invalid font shorthand
JavaScript error: https://images-na.ssl-images-amazon.com/images/I/11Y+5x+kkTL._RC|51IWYO5M+zL.js,112nmCqUymL.js,11giXtZCwVL.js,01+z+uIeJ-L.js,014NohEdE7L.js,21NNXfMitSL.js,11GXfd3+z+L.js,51gm4oPD2cL.js,11AHlQhPRjL.js,11UNQpqeowL.js,11OREnu1epL.js,11KbZymw5ZL.js,21r53SJg7LL.js,0190vxtlzcL.js,51bbIMIQQwL.js,31KrK+dcMcL.js,01Gf12ogmOL.js,01ezj5Rkz1L.js,11VS-C+YWGL.js,31pOTH2ZMRL.js,01rpauTep4L.js,01zbcJxtbAL.js_.js?AUIClients/AmazonUI&Dj66etiu#page_type-Detail.319488-T1.309035-T1, line 150: SyntaxError: FontFaceSet.load: Invalid font shorthand
JavaScript error: https://images-na.ssl-images-amazon.com/images/I/11Y+5x+kkTL._RC|51IWYO5M+zL.js,112nmCqUymL.js,11giXtZCwVL.js,01+z+uIeJ-L.js,014NohEdE7L.js,21NNXfMitSL.js,11GXfd3+z+L.js,51gm4oPD2cL.js,11AHlQhPRjL.js,11UNQpqeowL.js,11OREnu1epL.js,11KbZymw5ZL.js,21r53SJg7LL.js,0190vxtlzcL.js,51bbIMIQQwL.js,31KrK+dcMcL.js,01Gf12ogmOL.js,01ezj5Rkz1L.js,11VS-C+YWGL.js,31pOTH2ZMRL.js,01rpauTep4L.js,01zbcJxtbAL.js_.js?AUIClients/AmazonUI&Dj66etiu#page_type-Detail.319488-T1.309035-T1, line 150: SyntaxError: FontFaceSet.load: Invalid font shorthand
JavaScript error: resource://activity-stream/lib/ASRouter.jsm, line 988: NS_ERROR_ILLEGAL_VALUE: Component returned failure code: 0x80070057 (NS_ERROR_ILLEGAL_VALUE) [nsIObserverService.removeObserver]
1616064893483	Marionette	INFO	Stopped listening on port 44119
1616064901798	geckodriver	INFO	Listening on 127.0.0.1:44371
1616064901808	mozrunner::runner	INFO	Running command: "/usr/bin/firefox" "--marionette" "-foreground" "-no-remote" "-profile" "/tmp/rust_mozprofile7E5AVE"
console.warn: SearchSettings: "get: No settings file exists, new profile?" (new Error("", "(unknown module)"))
1616064906251	Marionette	INFO	Listening on port 45645
1616064906343	Marionette	WARN	TLS certificate errors will be ignored for this session
JavaScript error: https://images-na.ssl-images-amazon.com/images/I/11Y+5x+kkTL._RC|51IWYO5M+zL.js,112nmCqUymL.js,11giXtZCwVL.js,01+z+uIeJ-L.js,014NohEdE7L.js,21NNXfMitSL.js,11GXfd3+z+L.js,11AHlQhPRjL.js,11UNQpqeowL.js,11OREnu1epL.js,11KbZymw5ZL.js,21r53SJg7LL.js,0190vxtlzcL.js,01ezj5Rkz1L.js,11VS-C+YWGL.js,31pOTH2ZMRL.js,01rpauTep4L.js,01zbcJxtbAL.js_.js?AUIClients/AmazonUI&Dj66etiu#page_type-Detail.319488-T1.309035-T1, line 150: SyntaxError: FontFaceSet.load: Invalid font shorthand
JavaScript error: https://images-na.ssl-images-amazon.com/images/I/11Y+5x+kkTL._RC|51IWYO5M+zL.js,112nmCqUymL.js,11giXtZCwVL.js,01+z+uIeJ-L.js,014NohEdE7L.js,21NNXfMitSL.js,11GXfd3+z+L.js,11AHlQhPRjL.js,11UNQpqeowL.js,11OREnu1epL.js,11KbZymw5ZL.js,21r53SJg7LL.js,0190vxtlzcL.js,01ezj5Rkz1L.js,11VS-C+YWGL.js,31pOTH2ZMRL.js,01rpauTep4L.js,01zbcJxtbAL.js_.js?AUIClients/AmazonUI&Dj66etiu#page_type-Detail.319488-T1.309035-T1, line 150: SyntaxError: FontFaceSet.load: Invalid font shorthand
JavaScript error: https://images-na.ssl-images-amazon.com/images/I/11Y+5x+kkTL._RC|51IWYO5M+zL.js,112nmCqUymL.js,11giXtZCwVL.js,01+z+uIeJ-L.js,014NohEdE7L.js,21NNXfMitSL.js,11GXfd3+z+L.js,11AHlQhPRjL.js,11UNQpqeowL.js,11OREnu1epL.js,11KbZymw5ZL.js,21r53SJg7LL.js,0190vxtlzcL.js,01ezj5Rkz1L.js,11VS-C+YWGL.js,31pOTH2ZMRL.js,01rpauTep4L.js,01zbcJxtbAL.js_.js?AUIClients/AmazonUI&Dj66etiu#page_type-Detail.319488-T1.309035-T1, line 150: SyntaxError: FontFaceSet.load: Invalid font shorthand
JavaScript error: https://images-na.ssl-images-amazon.com/images/I/11Y+5x+kkTL._RC|51IWYO5M+zL.js,112nmCqUymL.js,11giXtZCwVL.js,01+z+uIeJ-L.js,014NohEdE7L.js,21NNXfMitSL.js,11GXfd3+z+L.js,11AHlQhPRjL.js,11UNQpqeowL.js,11OREnu1epL.js,11KbZymw5ZL.js,21r53SJg7LL.js,0190vxtlzcL.js,01ezj5Rkz1L.js,11VS-C+YWGL.js,31pOTH2ZMRL.js,01rpauTep4L.js,01zbcJxtbAL.js_.js?AUIClients/AmazonUI&Dj66etiu#page_type-Detail.319488-T1.309035-T1, line 150: SyntaxError: FontFaceSet.load: Invalid font shorthand
Exiting due to channel error.
Exiting due to channel error.
Exiting due to channel error.
1616064985846	geckodriver	INFO	Listening on 127.0.0.1:50263
1616064985858	mozrunner::runner	INFO	Running command: "/usr/bin/firefox" "--marionette" "-foreground" "-no-remote" "-profile" "/tmp/rust_mozprofileniU7YN"
console.warn: SearchSettings: "get: No settings file exists, new profile?" (new Error("", "(unknown module)"))
1616064990642	Marionette	INFO	Listening on port 40463
1616064990692	Marionette	WARN	TLS certificate errors will be ignored for this session
JavaScript error: https://images-na.ssl-images-amazon.com/images/I/11Y+5x+kkTL._RC|51IWYO5M+zL.js,112nmCqUymL.js,11giXtZCwVL.js,01+z+uIeJ-L.js,014NohEdE7L.js,21NNXfMitSL.js,11GXfd3+z+L.js,51gm4oPD2cL.js,11AHlQhPRjL.js,11UNQpqeowL.js,11OREnu1epL.js,11KbZymw5ZL.js,21r53SJg7LL.js,0190vxtlzcL.js,51bbIMIQQwL.js,31KrK+dcMcL.js,01Gf12ogmOL.js,01ezj5Rkz1L.js,11VS-C+YWGL.js,31pOTH2ZMRL.js,01rpauTep4L.js,01zbcJxtbAL.js_.js?AUIClients/AmazonUI&tbOQM7bq#page_type-Detail.309035-T1, line 150: SyntaxError: FontFaceSet.load: Invalid font shorthand
JavaScript error: https://images-na.ssl-images-amazon.com/images/I/11Y+5x+kkTL._RC|51IWYO5M+zL.js,112nmCqUymL.js,11giXtZCwVL.js,01+z+uIeJ-L.js,014NohEdE7L.js,21NNXfMitSL.js,11GXfd3+z+L.js,51gm4oPD2cL.js,11AHlQhPRjL.js,11UNQpqeowL.js,11OREnu1epL.js,11KbZymw5ZL.js,21r53SJg7LL.js,0190vxtlzcL.js,51bbIMIQQwL.js,31KrK+dcMcL.js,01Gf12ogmOL.js,01ezj5Rkz1L.js,11VS-C+YWGL.js,31pOTH2ZMRL.js,01rpauTep4L.js,01zbcJxtbAL.js_.js?AUIClients/AmazonUI&tbOQM7bq#page_type-Detail.309035-T1, line 150: SyntaxError: FontFaceSet.load: Invalid font shorthand
JavaScript error: https://images-na.ssl-images-amazon.com/images/I/11Y+5x+kkTL._RC|51IWYO5M+zL.js,112nmCqUymL.js,11giXtZCwVL.js,01+z+uIeJ-L.js,014NohEdE7L.js,21NNXfMitSL.js,11GXfd3+z+L.js,51gm4oPD2cL.js,11AHlQhPRjL.js,11UNQpqeowL.js,11OREnu1epL.js,11KbZymw5ZL.js,21r53SJg7LL.js,0190vxtlzcL.js,51bbIMIQQwL.js,31KrK+dcMcL.js,01Gf12ogmOL.js,01ezj5Rkz1L.js,11VS-C+YWGL.js,31pOTH2ZMRL.js,01rpauTep4L.js,01zbcJxtbAL.js_.js?AUIClients/AmazonUI&tbOQM7bq#page_type-Detail.309035-T1, line 150: SyntaxError: FontFaceSet.load: Invalid font shorthand
JavaScript error: https://images-na.ssl-images-amazon.com/images/I/11Y+5x+kkTL._RC|51IWYO5M+zL.js,112nmCqUymL.js,11giXtZCwVL.js,01+z+uIeJ-L.js,014NohEdE7L.js,21NNXfMitSL.js,11GXfd3+z+L.js,51gm4oPD2cL.js,11AHlQhPRjL.js,11UNQpqeowL.js,11OREnu1epL.js,11KbZymw5ZL.js,21r53SJg7LL.js,0190vxtlzcL.js,51bbIMIQQwL.js,31KrK+dcMcL.js,01Gf12ogmOL.js,01ezj5Rkz1L.js,11VS-C+YWGL.js,31pOTH2ZMRL.js,01rpauTep4L.js,01zbcJxtbAL.js_.js?AUIClients/AmazonUI&tbOQM7bq#page_type-Detail.309035-T1, line 150: SyntaxError: FontFaceSet.load: Invalid font shorthand
JavaScript error: resource://activity-stream/lib/ASRouter.jsm, line 988: NS_ERROR_ILLEGAL_VALUE: Component returned failure code: 0x80070057 (NS_ERROR_ILLEGAL_VALUE) [nsIObserverService.removeObserver]
JavaScript error: resource://gre/modules/UrlClassifierListManager.jsm, line 691: TypeError: this.tablesData[table] is undefined
1616065023622	Marionette	INFO	Stopped listening on port 40463
1616065071023	geckodriver	INFO	Listening on 127.0.0.1:56185
1616065071034	mozrunner::runner	INFO	Running command: "/usr/bin/firefox" "--marionette" "-foreground" "-no-remote" "-profile" "/tmp/rust_mozprofileMaov45"
console.warn: SearchSettings: "get: No settings file exists, new profile?" (new Error("", "(unknown module)"))
1616065076083	Marionette	INFO	Listening on port 36797
1616065076165	Marionette	WARN	TLS certificate errors will be ignored for this session
JavaScript error: https://images-na.ssl-images-amazon.com/images/I/11Y+5x+kkTL._RC|51IWYO5M+zL.js,112nmCqUymL.js,11giXtZCwVL.js,01+z+uIeJ-L.js,014NohEdE7L.js,21NNXfMitSL.js,11GXfd3+z+L.js,51gm4oPD2cL.js,11AHlQhPRjL.js,11UNQpqeowL.js,11OREnu1epL.js,11KbZymw5ZL.js,21r53SJg7LL.js,0190vxtlzcL.js,51bbIMIQQwL.js,31KrK+dcMcL.js,01Gf12ogmOL.js,01ezj5Rkz1L.js,11VS-C+YWGL.js,31pOTH2ZMRL.js,01rpauTep4L.js,01zbcJxtbAL.js_.js?AUIClients/AmazonUI&tbOQM7bq#page_type-Detail.309035-T1, line 150: SyntaxError: FontFaceSet.load: Invalid font shorthand
JavaScript error: https://images-na.ssl-images-amazon.com/images/I/11Y+5x+kkTL._RC|51IWYO5M+zL.js,112nmCqUymL.js,11giXtZCwVL.js,01+z+uIeJ-L.js,014NohEdE7L.js,21NNXfMitSL.js,11GXfd3+z+L.js,51gm4oPD2cL.js,11AHlQhPRjL.js,11UNQpqeowL.js,11OREnu1epL.js,11KbZymw5ZL.js,21r53SJg7LL.js,0190vxtlzcL.js,51bbIMIQQwL.js,31KrK+dcMcL.js,01Gf12ogmOL.js,01ezj5Rkz1L.js,11VS-C+YWGL.js,31pOTH2ZMRL.js,01rpauTep4L.js,01zbcJxtbAL.js_.js?AUIClients/AmazonUI&tbOQM7bq#page_type-Detail.309035-T1, line 150: SyntaxError: FontFaceSet.load: Invalid font shorthand
JavaScript error: https://images-na.ssl-images-amazon.com/images/I/11Y+5x+kkTL._RC|51IWYO5M+zL.js,112nmCqUymL.js,11giXtZCwVL.js,01+z+uIeJ-L.js,014NohEdE7L.js,21NNXfMitSL.js,11GXfd3+z+L.js,51gm4oPD2cL.js,11AHlQhPRjL.js,11UNQpqeowL.js,11OREnu1epL.js,11KbZymw5ZL.js,21r53SJg7LL.js,0190vxtlzcL.js,51bbIMIQQwL.js,31KrK+dcMcL.js,01Gf12ogmOL.js,01ezj5Rkz1L.js,11VS-C+YWGL.js,31pOTH2ZMRL.js,01rpauTep4L.js,01zbcJxtbAL.js_.js?AUIClients/AmazonUI&tbOQM7bq#page_type-Detail.309035-T1, line 150: SyntaxError: FontFaceSet.load: Invalid font shorthand
JavaScript error: https://images-na.ssl-images-amazon.com/images/I/11Y+5x+kkTL._RC|51IWYO5M+zL.js,112nmCqUymL.js,11giXtZCwVL.js,01+z+uIeJ-L.js,014NohEdE7L.js,21NNXfMitSL.js,11GXfd3+z+L.js,51gm4oPD2cL.js,11AHlQhPRjL.js,11UNQpqeowL.js,11OREnu1epL.js,11KbZymw5ZL.js,21r53SJg7LL.js,0190vxtlzcL.js,51bbIMIQQwL.js,31KrK+dcMcL.js,01Gf12ogmOL.js,01ezj5Rkz1L.js,11VS-C+YWGL.js,31pOTH2ZMRL.js,01rpauTep4L.js,01zbcJxtbAL.js_.js?AUIClients/AmazonUI&tbOQM7bq#page_type-Detail.309035-T1, line 150: SyntaxError: FontFaceSet.load: Invalid font shorthand
JavaScript error: resource://activity-stream/lib/ASRouter.jsm, line 988: NS_ERROR_ILLEGAL_VALUE: Component returned failure code: 0x80070057 (NS_ERROR_ILLEGAL_VALUE) [nsIObserverService.removeObserver]
1616065127285	Marionette	INFO	Stopped listening on port 36797

###!!! [Parent][RunMessage] Error: Channel closing: too late to send/recv, messages will be lost

1616065178624	geckodriver	INFO	Listening on 127.0.0.1:60475
1616065178635	mozrunner::runner	INFO	Running command: "/usr/bin/firefox" "--marionette" "-foreground" "-no-remote" "-profile" "/tmp/rust_mozprofileDIZUzB"
console.warn: SearchSettings: "get: No settings file exists, new profile?" (new Error("", "(unknown module)"))
1616065183364	Marionette	INFO	Listening on port 34231
1616065183466	Marionette	WARN	TLS certificate errors will be ignored for this session
JavaScript error: https://images-na.ssl-images-amazon.com/images/I/11Y+5x+kkTL._RC|51IWYO5M+zL.js,112nmCqUymL.js,11giXtZCwVL.js,01+z+uIeJ-L.js,014NohEdE7L.js,21NNXfMitSL.js,11GXfd3+z+L.js,11AHlQhPRjL.js,11UNQpqeowL.js,11OREnu1epL.js,11KbZymw5ZL.js,21r53SJg7LL.js,0190vxtlzcL.js,01ezj5Rkz1L.js,11VS-C+YWGL.js,31pOTH2ZMRL.js,01rpauTep4L.js,01zbcJxtbAL.js_.js?AUIClients/AmazonUI&tbOQM7bq#page_type-Detail.309035-T1, line 150: SyntaxError: FontFaceSet.load: Invalid font shorthand
JavaScript error: https://images-na.ssl-images-amazon.com/images/I/11Y+5x+kkTL._RC|51IWYO5M+zL.js,112nmCqUymL.js,11giXtZCwVL.js,01+z+uIeJ-L.js,014NohEdE7L.js,21NNXfMitSL.js,11GXfd3+z+L.js,11AHlQhPRjL.js,11UNQpqeowL.js,11OREnu1epL.js,11KbZymw5ZL.js,21r53SJg7LL.js,0190vxtlzcL.js,01ezj5Rkz1L.js,11VS-C+YWGL.js,31pOTH2ZMRL.js,01rpauTep4L.js,01zbcJxtbAL.js_.js?AUIClients/AmazonUI&tbOQM7bq#page_type-Detail.309035-T1, line 150: SyntaxError: FontFaceSet.load: Invalid font shorthand
JavaScript error: https://images-na.ssl-images-amazon.com/images/I/11Y+5x+kkTL._RC|51IWYO5M+zL.js,112nmCqUymL.js,11giXtZCwVL.js,01+z+uIeJ-L.js,014NohEdE7L.js,21NNXfMitSL.js,11GXfd3+z+L.js,11AHlQhPRjL.js,11UNQpqeowL.js,11OREnu1epL.js,11KbZymw5ZL.js,21r53SJg7LL.js,0190vxtlzcL.js,01ezj5Rkz1L.js,11VS-C+YWGL.js,31pOTH2ZMRL.js,01rpauTep4L.js,01zbcJxtbAL.js_.js?AUIClients/AmazonUI&tbOQM7bq#page_type-Detail.309035-T1, line 150: SyntaxError: FontFaceSet.load: Invalid font shorthand
JavaScript error: https://images-na.ssl-images-amazon.com/images/I/11Y+5x+kkTL._RC|51IWYO5M+zL.js,112nmCqUymL.js,11giXtZCwVL.js,01+z+uIeJ-L.js,014NohEdE7L.js,21NNXfMitSL.js,11GXfd3+z+L.js,11AHlQhPRjL.js,11UNQpqeowL.js,11OREnu1epL.js,11KbZymw5ZL.js,21r53SJg7LL.js,0190vxtlzcL.js,01ezj5Rkz1L.js,11VS-C+YWGL.js,31pOTH2ZMRL.js,01rpauTep4L.js,01zbcJxtbAL.js_.js?AUIClients/AmazonUI&tbOQM7bq#page_type-Detail.309035-T1, line 150: SyntaxError: FontFaceSet.load: Invalid font shorthand
Exiting due to channel error.
Exiting due to channel error.
Exiting due to channel error.
1616065327004	geckodriver	INFO	Listening on 127.0.0.1:40625
1616065327015	mozrunner::runner	INFO	Running command: "/usr/bin/firefox" "--marionette" "-foreground" "-no-remote" "-profile" "/tmp/rust_mozprofileNZ40IQ"
console.warn: SearchSettings: "get: No settings file exists, new profile?" (new Error("", "(unknown module)"))
1616065331480	Marionette	INFO	Listening on port 34643
1616065331545	Marionette	WARN	TLS certificate errors will be ignored for this session
JavaScript error: https://images-na.ssl-images-amazon.com/images/I/11Y+5x+kkTL._RC|51IWYO5M+zL.js,112nmCqUymL.js,11giXtZCwVL.js,01+z+uIeJ-L.js,014NohEdE7L.js,21NNXfMitSL.js,11GXfd3+z+L.js,51gm4oPD2cL.js,11AHlQhPRjL.js,11UNQpqeowL.js,11OREnu1epL.js,11KbZymw5ZL.js,21r53SJg7LL.js,0190vxtlzcL.js,51bbIMIQQwL.js,31KrK+dcMcL.js,01Gf12ogmOL.js,01ezj5Rkz1L.js,11VS-C+YWGL.js,31pOTH2ZMRL.js,01rpauTep4L.js,01zbcJxtbAL.js_.js?AUIClients/AmazonUI&Dj66etiu#page_type-Detail.319488-T1.309035-T1, line 150: SyntaxError: FontFaceSet.load: Invalid font shorthand
JavaScript error: https://images-na.ssl-images-amazon.com/images/I/11Y+5x+kkTL._RC|51IWYO5M+zL.js,112nmCqUymL.js,11giXtZCwVL.js,01+z+uIeJ-L.js,014NohEdE7L.js,21NNXfMitSL.js,11GXfd3+z+L.js,51gm4oPD2cL.js,11AHlQhPRjL.js,11UNQpqeowL.js,11OREnu1epL.js,11KbZymw5ZL.js,21r53SJg7LL.js,0190vxtlzcL.js,51bbIMIQQwL.js,31KrK+dcMcL.js,01Gf12ogmOL.js,01ezj5Rkz1L.js,11VS-C+YWGL.js,31pOTH2ZMRL.js,01rpauTep4L.js,01zbcJxtbAL.js_.js?AUIClients/AmazonUI&Dj66etiu#page_type-Detail.319488-T1.309035-T1, line 150: SyntaxError: FontFaceSet.load: Invalid font shorthand
JavaScript error: https://images-na.ssl-images-amazon.com/images/I/11Y+5x+kkTL._RC|51IWYO5M+zL.js,112nmCqUymL.js,11giXtZCwVL.js,01+z+uIeJ-L.js,014NohEdE7L.js,21NNXfMitSL.js,11GXfd3+z+L.js,51gm4oPD2cL.js,11AHlQhPRjL.js,11UNQpqeowL.js,11OREnu1epL.js,11KbZymw5ZL.js,21r53SJg7LL.js,0190vxtlzcL.js,51bbIMIQQwL.js,31KrK+dcMcL.js,01Gf12ogmOL.js,01ezj5Rkz1L.js,11VS-C+YWGL.js,31pOTH2ZMRL.js,01rpauTep4L.js,01zbcJxtbAL.js_.js?AUIClients/AmazonUI&Dj66etiu#page_type-Detail.319488-T1.309035-T1, line 150: SyntaxError: FontFaceSet.load: Invalid font shorthand
JavaScript error: https://images-na.ssl-images-amazon.com/images/I/11Y+5x+kkTL._RC|51IWYO5M+zL.js,112nmCqUymL.js,11giXtZCwVL.js,01+z+uIeJ-L.js,014NohEdE7L.js,21NNXfMitSL.js,11GXfd3+z+L.js,51gm4oPD2cL.js,11AHlQhPRjL.js,11UNQpqeowL.js,11OREnu1epL.js,11KbZymw5ZL.js,21r53SJg7LL.js,0190vxtlzcL.js,51bbIMIQQwL.js,31KrK+dcMcL.js,01Gf12ogmOL.js,01ezj5Rkz1L.js,11VS-C+YWGL.js,31pOTH2ZMRL.js,01rpauTep4L.js,01zbcJxtbAL.js_.js?AUIClients/AmazonUI&Dj66etiu#page_type-Detail.319488-T1.309035-T1, line 150: SyntaxError: FontFaceSet.load: Invalid font shorthand
1616065353746	geckodriver	INFO	Listening on 127.0.0.1:57661
1616065353756	mozrunner::runner	INFO	Running command: "/usr/bin/firefox" "--marionette" "-foreground" "-no-remote" "-profile" "/tmp/rust_mozprofile9gatDK"
JavaScript error: resource://activity-stream/lib/ASRouter.jsm, line 988: NS_ERROR_ILLEGAL_VALUE: Component returned failure code: 0x80070057 (NS_ERROR_ILLEGAL_VALUE) [nsIObserverService.removeObserver]
console.error: services.settings: 
  main/cfr Signature failed  TypeError: NetworkError when attempting to fetch resource.
1616065356548	Marionette	INFO	Stopped listening on port 34643

###!!! [Parent][RunMessage] Error: Channel closing: too late to send/recv, messages will be lost

console.warn: SearchSettings: "get: No settings file exists, new profile?" (new Error("", "(unknown module)"))
1616065358641	Marionette	INFO	Listening on port 45443
1616065358701	Marionette	WARN	TLS certificate errors will be ignored for this session
console.error: Region.jsm: "Error fetching region" (new Error("TIMEOUT", "resource://gre/modules/Region.jsm", 775))
console.error: Region.jsm: "Failed to fetch region" (new Error("TIMEOUT", "resource://gre/modules/Region.jsm", 422))
JavaScript error: https://images-na.ssl-images-amazon.com/images/I/11Y+5x+kkTL._RC|51IWYO5M+zL.js,112nmCqUymL.js,11giXtZCwVL.js,01+z+uIeJ-L.js,014NohEdE7L.js,21NNXfMitSL.js,11GXfd3+z+L.js,11AHlQhPRjL.js,11UNQpqeowL.js,11OREnu1epL.js,11KbZymw5ZL.js,21r53SJg7LL.js,0190vxtlzcL.js,01ezj5Rkz1L.js,11VS-C+YWGL.js,31pOTH2ZMRL.js,01rpauTep4L.js,01zbcJxtbAL.js_.js?AUIClients/AmazonUI&Dj66etiu#page_type-Detail.319488-T1.309035-T1, line 150: SyntaxError: FontFaceSet.load: Invalid font shorthand
JavaScript error: https://images-na.ssl-images-amazon.com/images/I/11Y+5x+kkTL._RC|51IWYO5M+zL.js,112nmCqUymL.js,11giXtZCwVL.js,01+z+uIeJ-L.js,014NohEdE7L.js,21NNXfMitSL.js,11GXfd3+z+L.js,11AHlQhPRjL.js,11UNQpqeowL.js,11OREnu1epL.js,11KbZymw5ZL.js,21r53SJg7LL.js,0190vxtlzcL.js,01ezj5Rkz1L.js,11VS-C+YWGL.js,31pOTH2ZMRL.js,01rpauTep4L.js,01zbcJxtbAL.js_.js?AUIClients/AmazonUI&Dj66etiu#page_type-Detail.319488-T1.309035-T1, line 150: SyntaxError: FontFaceSet.load: Invalid font shorthand
JavaScript error: https://images-na.ssl-images-amazon.com/images/I/11Y+5x+kkTL._RC|51IWYO5M+zL.js,112nmCqUymL.js,11giXtZCwVL.js,01+z+uIeJ-L.js,014NohEdE7L.js,21NNXfMitSL.js,11GXfd3+z+L.js,11AHlQhPRjL.js,11UNQpqeowL.js,11OREnu1epL.js,11KbZymw5ZL.js,21r53SJg7LL.js,0190vxtlzcL.js,01ezj5Rkz1L.js,11VS-C+YWGL.js,31pOTH2ZMRL.js,01rpauTep4L.js,01zbcJxtbAL.js_.js?AUIClients/AmazonUI&Dj66etiu#page_type-Detail.319488-T1.309035-T1, line 150: SyntaxError: FontFaceSet.load: Invalid font shorthand
JavaScript error: https://images-na.ssl-images-amazon.com/images/I/11Y+5x+kkTL._RC|51IWYO5M+zL.js,112nmCqUymL.js,11giXtZCwVL.js,01+z+uIeJ-L.js,014NohEdE7L.js,21NNXfMitSL.js,11GXfd3+z+L.js,11AHlQhPRjL.js,11UNQpqeowL.js,11OREnu1epL.js,11KbZymw5ZL.js,21r53SJg7LL.js,0190vxtlzcL.js,01ezj5Rkz1L.js,11VS-C+YWGL.js,31pOTH2ZMRL.js,01rpauTep4L.js,01zbcJxtbAL.js_.js?AUIClients/AmazonUI&Dj66etiu#page_type-Detail.319488-T1.309035-T1, line 150: SyntaxError: FontFaceSet.load: Invalid font shorthand
Exiting due to channel error.
Exiting due to channel error.
Exiting due to channel error.
1616065483706	geckodriver	INFO	Listening on 127.0.0.1:44721
1616065483716	mozrunner::runner	INFO	Running command: "/usr/bin/firefox" "--marionette" "-foreground" "-no-remote" "-profile" "/tmp/rust_mozprofiled4qgkm"
console.warn: SearchSettings: "get: No settings file exists, new profile?" (new Error("", "(unknown module)"))
1616065488269	Marionette	INFO	Listening on port 43891
1616065488352	Marionette	WARN	TLS certificate errors will be ignored for this session
JavaScript error: https://images-na.ssl-images-amazon.com/images/I/11Y+5x+kkTL._RC|51IWYO5M+zL.js,112nmCqUymL.js,11giXtZCwVL.js,01+z+uIeJ-L.js,014NohEdE7L.js,21NNXfMitSL.js,11GXfd3+z+L.js,51gm4oPD2cL.js,11AHlQhPRjL.js,11UNQpqeowL.js,11OREnu1epL.js,11KbZymw5ZL.js,21r53SJg7LL.js,0190vxtlzcL.js,51bbIMIQQwL.js,31KrK+dcMcL.js,01Gf12ogmOL.js,01ezj5Rkz1L.js,11VS-C+YWGL.js,31pOTH2ZMRL.js,01rpauTep4L.js,01zbcJxtbAL.js_.js?AUIClients/AmazonUI&tbOQM7bq#page_type-Detail.309035-T1, line 150: SyntaxError: FontFaceSet.load: Invalid font shorthand
JavaScript error: https://images-na.ssl-images-amazon.com/images/I/11Y+5x+kkTL._RC|51IWYO5M+zL.js,112nmCqUymL.js,11giXtZCwVL.js,01+z+uIeJ-L.js,014NohEdE7L.js,21NNXfMitSL.js,11GXfd3+z+L.js,51gm4oPD2cL.js,11AHlQhPRjL.js,11UNQpqeowL.js,11OREnu1epL.js,11KbZymw5ZL.js,21r53SJg7LL.js,0190vxtlzcL.js,51bbIMIQQwL.js,31KrK+dcMcL.js,01Gf12ogmOL.js,01ezj5Rkz1L.js,11VS-C+YWGL.js,31pOTH2ZMRL.js,01rpauTep4L.js,01zbcJxtbAL.js_.js?AUIClients/AmazonUI&tbOQM7bq#page_type-Detail.309035-T1, line 150: SyntaxError: FontFaceSet.load: Invalid font shorthand
JavaScript error: https://images-na.ssl-images-amazon.com/images/I/11Y+5x+kkTL._RC|51IWYO5M+zL.js,112nmCqUymL.js,11giXtZCwVL.js,01+z+uIeJ-L.js,014NohEdE7L.js,21NNXfMitSL.js,11GXfd3+z+L.js,51gm4oPD2cL.js,11AHlQhPRjL.js,11UNQpqeowL.js,11OREnu1epL.js,11KbZymw5ZL.js,21r53SJg7LL.js,0190vxtlzcL.js,51bbIMIQQwL.js,31KrK+dcMcL.js,01Gf12ogmOL.js,01ezj5Rkz1L.js,11VS-C+YWGL.js,31pOTH2ZMRL.js,01rpauTep4L.js,01zbcJxtbAL.js_.js?AUIClients/AmazonUI&tbOQM7bq#page_type-Detail.309035-T1, line 150: SyntaxError: FontFaceSet.load: Invalid font shorthand
JavaScript error: https://images-na.ssl-images-amazon.com/images/I/11Y+5x+kkTL._RC|51IWYO5M+zL.js,112nmCqUymL.js,11giXtZCwVL.js,01+z+uIeJ-L.js,014NohEdE7L.js,21NNXfMitSL.js,11GXfd3+z+L.js,51gm4oPD2cL.js,11AHlQhPRjL.js,11UNQpqeowL.js,11OREnu1epL.js,11KbZymw5ZL.js,21r53SJg7LL.js,0190vxtlzcL.js,51bbIMIQQwL.js,31KrK+dcMcL.js,01Gf12ogmOL.js,01ezj5Rkz1L.js,11VS-C+YWGL.js,31pOTH2ZMRL.js,01rpauTep4L.js,01zbcJxtbAL.js_.js?AUIClients/AmazonUI&tbOQM7bq#page_type-Detail.309035-T1, line 150: SyntaxError: FontFaceSet.load: Invalid font shorthand
Exiting due to channel error.
Exiting due to channel error.
Exiting due to channel error.
1616065561824	geckodriver	INFO	Listening on 127.0.0.1:58983
1616065561831	mozrunner::runner	INFO	Running command: "/usr/bin/firefox" "--marionette" "-foreground" "-no-remote" "-profile" "/tmp/rust_mozprofileJEOhMV"
console.warn: SearchSettings: "get: No settings file exists, new profile?" (new Error("", "(unknown module)"))
1616065566373	Marionette	INFO	Listening on port 41105
1616065566464	Marionette	WARN	TLS certificate errors will be ignored for this session
JavaScript error: https://images-na.ssl-images-amazon.com/images/I/11Y+5x+kkTL._RC|51IWYO5M+zL.js,112nmCqUymL.js,11giXtZCwVL.js,01+z+uIeJ-L.js,014NohEdE7L.js,21NNXfMitSL.js,11GXfd3+z+L.js,11AHlQhPRjL.js,11UNQpqeowL.js,11OREnu1epL.js,11KbZymw5ZL.js,21r53SJg7LL.js,0190vxtlzcL.js,01ezj5Rkz1L.js,11VS-C+YWGL.js,31pOTH2ZMRL.js,01rpauTep4L.js,01zbcJxtbAL.js_.js?AUIClients/AmazonUI&Dj66etiu#page_type-Detail.319488-T1.309035-T1, line 150: SyntaxError: FontFaceSet.load: Invalid font shorthand
JavaScript error: https://images-na.ssl-images-amazon.com/images/I/11Y+5x+kkTL._RC|51IWYO5M+zL.js,112nmCqUymL.js,11giXtZCwVL.js,01+z+uIeJ-L.js,014NohEdE7L.js,21NNXfMitSL.js,11GXfd3+z+L.js,11AHlQhPRjL.js,11UNQpqeowL.js,11OREnu1epL.js,11KbZymw5ZL.js,21r53SJg7LL.js,0190vxtlzcL.js,01ezj5Rkz1L.js,11VS-C+YWGL.js,31pOTH2ZMRL.js,01rpauTep4L.js,01zbcJxtbAL.js_.js?AUIClients/AmazonUI&Dj66etiu#page_type-Detail.319488-T1.309035-T1, line 150: SyntaxError: FontFaceSet.load: Invalid font shorthand
JavaScript error: https://images-na.ssl-images-amazon.com/images/I/11Y+5x+kkTL._RC|51IWYO5M+zL.js,112nmCqUymL.js,11giXtZCwVL.js,01+z+uIeJ-L.js,014NohEdE7L.js,21NNXfMitSL.js,11GXfd3+z+L.js,11AHlQhPRjL.js,11UNQpqeowL.js,11OREnu1epL.js,11KbZymw5ZL.js,21r53SJg7LL.js,0190vxtlzcL.js,01ezj5Rkz1L.js,11VS-C+YWGL.js,31pOTH2ZMRL.js,01rpauTep4L.js,01zbcJxtbAL.js_.js?AUIClients/AmazonUI&Dj66etiu#page_type-Detail.319488-T1.309035-T1, line 150: SyntaxError: FontFaceSet.load: Invalid font shorthand
JavaScript error: https://images-na.ssl-images-amazon.com/images/I/11Y+5x+kkTL._RC|51IWYO5M+zL.js,112nmCqUymL.js,11giXtZCwVL.js,01+z+uIeJ-L.js,014NohEdE7L.js,21NNXfMitSL.js,11GXfd3+z+L.js,11AHlQhPRjL.js,11UNQpqeowL.js,11OREnu1epL.js,11KbZymw5ZL.js,21r53SJg7LL.js,0190vxtlzcL.js,01ezj5Rkz1L.js,11VS-C+YWGL.js,31pOTH2ZMRL.js,01rpauTep4L.js,01zbcJxtbAL.js_.js?AUIClients/AmazonUI&Dj66etiu#page_type-Detail.319488-T1.309035-T1, line 150: SyntaxError: FontFaceSet.load: Invalid font shorthand
JavaScript error: resource://activity-stream/lib/ASRouter.jsm, line 988: NS_ERROR_ILLEGAL_VALUE: Component returned failure code: 0x80070057 (NS_ERROR_ILLEGAL_VALUE) [nsIObserverService.removeObserver]
1616065604983	Marionette	INFO	Stopped listening on port 41105
1616148141859	geckodriver	INFO	Listening on 127.0.0.1:48399
1616148141894	mozrunner::runner	INFO	Running command: "/usr/bin/firefox" "--marionette" "-foreground" "-no-remote" "-profile" "/tmp/rust_mozprofilerrj8Cj"
console.warn: SearchSettings: "get: No settings file exists, new profile?" (new Error("", "(unknown module)"))
1616148146598	Marionette	INFO	Listening on port 43341
1616148146630	Marionette	WARN	TLS certificate errors will be ignored for this session
JavaScript error: https://images-na.ssl-images-amazon.com/images/I/11Y+5x+kkTL._RC|51IWYO5M+zL.js,112nmCqUymL.js,11giXtZCwVL.js,01+z+uIeJ-L.js,014NohEdE7L.js,21NNXfMitSL.js,11GXfd3+z+L.js,51gm4oPD2cL.js,11AHlQhPRjL.js,11UNQpqeowL.js,11OREnu1epL.js,11KbZymw5ZL.js,21r53SJg7LL.js,0190vxtlzcL.js,51bbIMIQQwL.js,31KrK+dcMcL.js,01Gf12ogmOL.js,01ezj5Rkz1L.js,11VS-C+YWGL.js,31pOTH2ZMRL.js,01rpauTep4L.js,01zbcJxtbAL.js_.js?AUIClients/AmazonUI&Dj66etiu#page_type-Detail.319488-T1.309035-T1, line 150: SyntaxError: FontFaceSet.load: Invalid font shorthand
JavaScript error: https://images-na.ssl-images-amazon.com/images/I/11Y+5x+kkTL._RC|51IWYO5M+zL.js,112nmCqUymL.js,11giXtZCwVL.js,01+z+uIeJ-L.js,014NohEdE7L.js,21NNXfMitSL.js,11GXfd3+z+L.js,51gm4oPD2cL.js,11AHlQhPRjL.js,11UNQpqeowL.js,11OREnu1epL.js,11KbZymw5ZL.js,21r53SJg7LL.js,0190vxtlzcL.js,51bbIMIQQwL.js,31KrK+dcMcL.js,01Gf12ogmOL.js,01ezj5Rkz1L.js,11VS-C+YWGL.js,31pOTH2ZMRL.js,01rpauTep4L.js,01zbcJxtbAL.js_.js?AUIClients/AmazonUI&Dj66etiu#page_type-Detail.319488-T1.309035-T1, line 150: SyntaxError: FontFaceSet.load: Invalid font shorthand
JavaScript error: https://images-na.ssl-images-amazon.com/images/I/11Y+5x+kkTL._RC|51IWYO5M+zL.js,112nmCqUymL.js,11giXtZCwVL.js,01+z+uIeJ-L.js,014NohEdE7L.js,21NNXfMitSL.js,11GXfd3+z+L.js,51gm4oPD2cL.js,11AHlQhPRjL.js,11UNQpqeowL.js,11OREnu1epL.js,11KbZymw5ZL.js,21r53SJg7LL.js,0190vxtlzcL.js,51bbIMIQQwL.js,31KrK+dcMcL.js,01Gf12ogmOL.js,01ezj5Rkz1L.js,11VS-C+YWGL.js,31pOTH2ZMRL.js,01rpauTep4L.js,01zbcJxtbAL.js_.js?AUIClients/AmazonUI&Dj66etiu#page_type-Detail.319488-T1.309035-T1, line 150: SyntaxError: FontFaceSet.load: Invalid font shorthand
JavaScript error: https://images-na.ssl-images-amazon.com/images/I/11Y+5x+kkTL._RC|51IWYO5M+zL.js,112nmCqUymL.js,11giXtZCwVL.js,01+z+uIeJ-L.js,014NohEdE7L.js,21NNXfMitSL.js,11GXfd3+z+L.js,51gm4oPD2cL.js,11AHlQhPRjL.js,11UNQpqeowL.js,11OREnu1epL.js,11KbZymw5ZL.js,21r53SJg7LL.js,0190vxtlzcL.js,51bbIMIQQwL.js,31KrK+dcMcL.js,01Gf12ogmOL.js,01ezj5Rkz1L.js,11VS-C+YWGL.js,31pOTH2ZMRL.js,01rpauTep4L.js,01zbcJxtbAL.js_.js?AUIClients/AmazonUI&Dj66etiu#page_type-Detail.319488-T1.309035-T1, line 150: SyntaxError: FontFaceSet.load: Invalid font shorthand
JavaScript error: https://images-na.ssl-images-amazon.com/images/I/01iEcpPcoKL._RC|01x4giTy+uL.js,01r9LpT6pbL.js,31Y-4KbEpTL.js,11yAqqXzKZL.js,81QZUp7rm4L.js,01ELLYeIOkL.js_.js?AUIClients/Brila, line 107: Error: Cannot use create a virtual MediaSource for this video
Exiting due to channel error.
Exiting due to channel error.
Exiting due to channel error.
1616148327238	geckodriver	INFO	Listening on 127.0.0.1:57763
1616148327264	mozrunner::runner	INFO	Running command: "/usr/bin/firefox" "--marionette" "-foreground" "-no-remote" "-profile" "/tmp/rust_mozprofilewL1Zfh"
console.warn: SearchSettings: "get: No settings file exists, new profile?" (new Error("", "(unknown module)"))
1616148331870	Marionette	INFO	Listening on port 35115
1616148331910	Marionette	WARN	TLS certificate errors will be ignored for this session
JavaScript error: https://images-na.ssl-images-amazon.com/images/I/11Y+5x+kkTL._RC|51IWYO5M+zL.js,112nmCqUymL.js,11giXtZCwVL.js,01+z+uIeJ-L.js,014NohEdE7L.js,21NNXfMitSL.js,11GXfd3+z+L.js,11AHlQhPRjL.js,11UNQpqeowL.js,11OREnu1epL.js,11KbZymw5ZL.js,21r53SJg7LL.js,0190vxtlzcL.js,01ezj5Rkz1L.js,11VS-C+YWGL.js,31pOTH2ZMRL.js,01rpauTep4L.js,01zbcJxtbAL.js_.js?AUIClients/AmazonUI&Dj66etiu#page_type-Detail.319488-T1.309035-T1, line 150: SyntaxError: FontFaceSet.load: Invalid font shorthand
JavaScript error: https://images-na.ssl-images-amazon.com/images/I/11Y+5x+kkTL._RC|51IWYO5M+zL.js,112nmCqUymL.js,11giXtZCwVL.js,01+z+uIeJ-L.js,014NohEdE7L.js,21NNXfMitSL.js,11GXfd3+z+L.js,11AHlQhPRjL.js,11UNQpqeowL.js,11OREnu1epL.js,11KbZymw5ZL.js,21r53SJg7LL.js,0190vxtlzcL.js,01ezj5Rkz1L.js,11VS-C+YWGL.js,31pOTH2ZMRL.js,01rpauTep4L.js,01zbcJxtbAL.js_.js?AUIClients/AmazonUI&Dj66etiu#page_type-Detail.319488-T1.309035-T1, line 150: SyntaxError: FontFaceSet.load: Invalid font shorthand
JavaScript error: https://images-na.ssl-images-amazon.com/images/I/11Y+5x+kkTL._RC|51IWYO5M+zL.js,112nmCqUymL.js,11giXtZCwVL.js,01+z+uIeJ-L.js,014NohEdE7L.js,21NNXfMitSL.js,11GXfd3+z+L.js,11AHlQhPRjL.js,11UNQpqeowL.js,11OREnu1epL.js,11KbZymw5ZL.js,21r53SJg7LL.js,0190vxtlzcL.js,01ezj5Rkz1L.js,11VS-C+YWGL.js,31pOTH2ZMRL.js,01rpauTep4L.js,01zbcJxtbAL.js_.js?AUIClients/AmazonUI&Dj66etiu#page_type-Detail.319488-T1.309035-T1, line 150: SyntaxError: FontFaceSet.load: Invalid font shorthand
JavaScript error: https://images-na.ssl-images-amazon.com/images/I/11Y+5x+kkTL._RC|51IWYO5M+zL.js,112nmCqUymL.js,11giXtZCwVL.js,01+z+uIeJ-L.js,014NohEdE7L.js,21NNXfMitSL.js,11GXfd3+z+L.js,11AHlQhPRjL.js,11UNQpqeowL.js,11OREnu1epL.js,11KbZymw5ZL.js,21r53SJg7LL.js,0190vxtlzcL.js,01ezj5Rkz1L.js,11VS-C+YWGL.js,31pOTH2ZMRL.js,01rpauTep4L.js,01zbcJxtbAL.js_.js?AUIClients/AmazonUI&Dj66etiu#page_type-Detail.319488-T1.309035-T1, line 150: SyntaxError: FontFaceSet.load: Invalid font shorthand
JavaScript error: https://images-na.ssl-images-amazon.com/images/I/01iEcpPcoKL._RC|01x4giTy+uL.js,01r9LpT6pbL.js,31Y-4KbEpTL.js,11yAqqXzKZL.js,81QZUp7rm4L.js,01ELLYeIOkL.js_.js?AUIClients/Brila, line 107: Error: Cannot use create a virtual MediaSource for this video
SourceActor threw an exception: [Exception... "Failed to open input source 'javascript:void(false)'"  nsresult: "0x80040111 (NS_ERROR_NOT_AVAILABLE)"  location: "JS frame :: resource://devtools/shared/DevToolsUtils.js :: mainThreadFetch/< :: line 670"  data: yes]
Stack: mainThreadFetch/<@resource://devtools/shared/DevToolsUtils.js:670:15
mainThreadFetch@resource://devtools/shared/DevToolsUtils.js:516:10
_fetchURLContents@resource://devtools/server/actors/utils/sources-manager.js:439:22
urlContents@resource://devtools/server/actors/utils/sources-manager.js:406:17
_resurrectSource@resource://devtools/server/actors/thread.js:2106:35
addAllSources@resource://devtools/server/actors/thread.js:1464:14
watch@resource://devtools/server/actors/resources/sources.js:52:17
watchResources@resource://devtools/server/actors/resources/index.js:204:19
_watchTargetResources@resource://devtools/server/actors/targets/target-actor-mixin.js:68:24
addWatcherDataEntry@resource://devtools/server/actors/targets/target-actor-mixin.js:29:20
_addWatcherDataEntry@resource://devtools/server/connectors/js-window-actor/DevToolsFrameChild.jsm:411:24
receiveMessage@resource://devtools/server/connectors/js-window-actor/DevToolsFrameChild.jsm:353:21
Line: 670, column: 0
console.error: ({})
JavaScript error: resource://devtools/shared/DevToolsUtils.js, line 670: NS_ERROR_NOT_AVAILABLE: Failed to open input source 'javascript:void(false)'
JavaScript error: resource://activity-stream/lib/ASRouter.jsm, line 988: NS_ERROR_ILLEGAL_VALUE: Component returned failure code: 0x80070057 (NS_ERROR_ILLEGAL_VALUE) [nsIObserverService.removeObserver]
1616148453093	Marionette	INFO	Stopped listening on port 35115
1616148512808	geckodriver	INFO	Listening on 127.0.0.1:43313
1616148512818	mozrunner::runner	INFO	Running command: "/usr/bin/firefox" "--marionette" "-foreground" "-no-remote" "-profile" "/tmp/rust_mozprofilelVn1kd"
console.warn: SearchSettings: "get: No settings file exists, new profile?" (new Error("", "(unknown module)"))
1616148517398	Marionette	INFO	Listening on port 32891
1616148517455	Marionette	WARN	TLS certificate errors will be ignored for this session
JavaScript error: https://images-na.ssl-images-amazon.com/images/I/11Y+5x+kkTL._RC|51IWYO5M+zL.js,112nmCqUymL.js,11giXtZCwVL.js,01+z+uIeJ-L.js,014NohEdE7L.js,21NNXfMitSL.js,11GXfd3+z+L.js,51gm4oPD2cL.js,11AHlQhPRjL.js,11UNQpqeowL.js,11OREnu1epL.js,11KbZymw5ZL.js,21r53SJg7LL.js,0190vxtlzcL.js,51bbIMIQQwL.js,31KrK+dcMcL.js,01Gf12ogmOL.js,01ezj5Rkz1L.js,11VS-C+YWGL.js,31pOTH2ZMRL.js,01rpauTep4L.js,01zbcJxtbAL.js_.js?AUIClients/AmazonUI&Dj66etiu#page_type-Detail.319488-T1.309035-T1, line 150: SyntaxError: FontFaceSet.load: Invalid font shorthand
JavaScript error: https://images-na.ssl-images-amazon.com/images/I/11Y+5x+kkTL._RC|51IWYO5M+zL.js,112nmCqUymL.js,11giXtZCwVL.js,01+z+uIeJ-L.js,014NohEdE7L.js,21NNXfMitSL.js,11GXfd3+z+L.js,51gm4oPD2cL.js,11AHlQhPRjL.js,11UNQpqeowL.js,11OREnu1epL.js,11KbZymw5ZL.js,21r53SJg7LL.js,0190vxtlzcL.js,51bbIMIQQwL.js,31KrK+dcMcL.js,01Gf12ogmOL.js,01ezj5Rkz1L.js,11VS-C+YWGL.js,31pOTH2ZMRL.js,01rpauTep4L.js,01zbcJxtbAL.js_.js?AUIClients/AmazonUI&Dj66etiu#page_type-Detail.319488-T1.309035-T1, line 150: SyntaxError: FontFaceSet.load: Invalid font shorthand
JavaScript error: https://images-na.ssl-images-amazon.com/images/I/11Y+5x+kkTL._RC|51IWYO5M+zL.js,112nmCqUymL.js,11giXtZCwVL.js,01+z+uIeJ-L.js,014NohEdE7L.js,21NNXfMitSL.js,11GXfd3+z+L.js,51gm4oPD2cL.js,11AHlQhPRjL.js,11UNQpqeowL.js,11OREnu1epL.js,11KbZymw5ZL.js,21r53SJg7LL.js,0190vxtlzcL.js,51bbIMIQQwL.js,31KrK+dcMcL.js,01Gf12ogmOL.js,01ezj5Rkz1L.js,11VS-C+YWGL.js,31pOTH2ZMRL.js,01rpauTep4L.js,01zbcJxtbAL.js_.js?AUIClients/AmazonUI&Dj66etiu#page_type-Detail.319488-T1.309035-T1, line 150: SyntaxError: FontFaceSet.load: Invalid font shorthand
JavaScript error: https://images-na.ssl-images-amazon.com/images/I/11Y+5x+kkTL._RC|51IWYO5M+zL.js,112nmCqUymL.js,11giXtZCwVL.js,01+z+uIeJ-L.js,014NohEdE7L.js,21NNXfMitSL.js,11GXfd3+z+L.js,51gm4oPD2cL.js,11AHlQhPRjL.js,11UNQpqeowL.js,11OREnu1epL.js,11KbZymw5ZL.js,21r53SJg7LL.js,0190vxtlzcL.js,51bbIMIQQwL.js,31KrK+dcMcL.js,01Gf12ogmOL.js,01ezj5Rkz1L.js,11VS-C+YWGL.js,31pOTH2ZMRL.js,01rpauTep4L.js,01zbcJxtbAL.js_.js?AUIClients/AmazonUI&Dj66etiu#page_type-Detail.319488-T1.309035-T1, line 150: SyntaxError: FontFaceSet.load: Invalid font shorthand
JavaScript error: https://images-na.ssl-images-amazon.com/images/I/01iEcpPcoKL._RC|01x4giTy+uL.js,01r9LpT6pbL.js,31Y-4KbEpTL.js,11yAqqXzKZL.js,81QZUp7rm4L.js,01ELLYeIOkL.js_.js?AUIClients/Brila, line 107: Error: Cannot use create a virtual MediaSource for this video
1616148559243	Marionette	WARN	Ignoring event 'DOMContentLoaded' because document has an invalid readyState of 'complete'.
SourceActor threw an exception: [Exception... "Failed to open input source 'javascript:void(false)'"  nsresult: "0x80040111 (NS_ERROR_NOT_AVAILABLE)"  location: "JS frame :: resource://devtools/shared/DevToolsUtils.js :: mainThreadFetch/< :: line 670"  data: yes]
Stack: mainThreadFetch/<@resource://devtools/shared/DevToolsUtils.js:670:15
mainThreadFetch@resource://devtools/shared/DevToolsUtils.js:516:10
_fetchURLContents@resource://devtools/server/actors/utils/sources-manager.js:439:22
urlContents@resource://devtools/server/actors/utils/sources-manager.js:406:17
_resurrectSource@resource://devtools/server/actors/thread.js:2106:35
addAllSources@resource://devtools/server/actors/thread.js:1464:14
watch@resource://devtools/server/actors/resources/sources.js:52:17
watchResources@resource://devtools/server/actors/resources/index.js:204:19
_watchTargetResources@resource://devtools/server/actors/targets/target-actor-mixin.js:68:24
addWatcherDataEntry@resource://devtools/server/actors/targets/target-actor-mixin.js:29:20
_addWatcherDataEntry@resource://devtools/server/connectors/js-window-actor/DevToolsFrameChild.jsm:411:24
receiveMessage@resource://devtools/server/connectors/js-window-actor/DevToolsFrameChild.jsm:353:21
Line: 670, column: 0
console.error: ({})
SourceActor threw an exception: [Exception... "Failed to open input source 'file:///'"  nsresult: "0x80520015 (NS_ERROR_FILE_ACCESS_DENIED)"  location: "JS frame :: resource://devtools/shared/DevToolsUtils.js :: mainThreadFetch/< :: line 670"  data: yes]
Stack: mainThreadFetch/<@resource://devtools/shared/DevToolsUtils.js:670:15
mainThreadFetch@resource://devtools/shared/DevToolsUtils.js:516:10
_fetchURLContents@resource://devtools/server/actors/utils/sources-manager.js:439:22
urlContents@resource://devtools/server/actors/utils/sources-manager.js:406:17
_resurrectSource@resource://devtools/server/actors/thread.js:2106:35
addAllSources@resource://devtools/server/actors/thread.js:1464:14
watch@resource://devtools/server/actors/resources/sources.js:52:17
watchResources@resource://devtools/server/actors/resources/index.js:204:19
_watchTargetResources@resource://devtools/server/actors/targets/target-actor-mixin.js:68:24
addWatcherDataEntry@resource://devtools/server/actors/targets/target-actor-mixin.js:29:20
_addWatcherDataEntry@resource://devtools/server/connectors/js-window-actor/DevToolsFrameChild.jsm:411:24
receiveMessage@resource://devtools/server/connectors/js-window-actor/DevToolsFrameChild.jsm:353:21
Line: 670, column: 0
console.error: ({})
JavaScript error: resource://devtools/shared/DevToolsUtils.js, line 670: NS_ERROR_NOT_AVAILABLE: Failed to open input source 'javascript:void(false)'
JavaScript error: resource://devtools/shared/DevToolsUtils.js, line 670: NS_ERROR_FILE_ACCESS_DENIED: Failed to open input source 'file:///'
JavaScript error: resource://gre/actors/AutoCompleteChild.jsm, line 125: Error: Invalid autocomplete selectedIndex
Exiting due to channel error.
Exiting due to channel error.
Exiting due to channel error.
1616148779183	geckodriver	INFO	Listening on 127.0.0.1:38065
1616148779192	mozrunner::runner	INFO	Running command: "/usr/bin/firefox" "--marionette" "-foreground" "-no-remote" "-profile" "/tmp/rust_mozprofilenxuZ23"
console.warn: SearchSettings: "get: No settings file exists, new profile?" (new Error("", "(unknown module)"))
1616148783659	Marionette	INFO	Listening on port 39761
1616148783727	Marionette	WARN	TLS certificate errors will be ignored for this session
JavaScript error: https://images-na.ssl-images-amazon.com/images/I/11Y+5x+kkTL._RC|51IWYO5M+zL.js,112nmCqUymL.js,11giXtZCwVL.js,01+z+uIeJ-L.js,014NohEdE7L.js,21NNXfMitSL.js,11GXfd3+z+L.js,51gm4oPD2cL.js,11AHlQhPRjL.js,11UNQpqeowL.js,11OREnu1epL.js,11KbZymw5ZL.js,21r53SJg7LL.js,0190vxtlzcL.js,51bbIMIQQwL.js,31KrK+dcMcL.js,01Gf12ogmOL.js,01ezj5Rkz1L.js,11VS-C+YWGL.js,31pOTH2ZMRL.js,01rpauTep4L.js,01zbcJxtbAL.js_.js?AUIClients/AmazonUI&tbOQM7bq#page_type-Detail.309035-T1, line 150: SyntaxError: FontFaceSet.load: Invalid font shorthand
JavaScript error: https://images-na.ssl-images-amazon.com/images/I/11Y+5x+kkTL._RC|51IWYO5M+zL.js,112nmCqUymL.js,11giXtZCwVL.js,01+z+uIeJ-L.js,014NohEdE7L.js,21NNXfMitSL.js,11GXfd3+z+L.js,51gm4oPD2cL.js,11AHlQhPRjL.js,11UNQpqeowL.js,11OREnu1epL.js,11KbZymw5ZL.js,21r53SJg7LL.js,0190vxtlzcL.js,51bbIMIQQwL.js,31KrK+dcMcL.js,01Gf12ogmOL.js,01ezj5Rkz1L.js,11VS-C+YWGL.js,31pOTH2ZMRL.js,01rpauTep4L.js,01zbcJxtbAL.js_.js?AUIClients/AmazonUI&tbOQM7bq#page_type-Detail.309035-T1, line 150: SyntaxError: FontFaceSet.load: Invalid font shorthand
JavaScript error: https://images-na.ssl-images-amazon.com/images/I/11Y+5x+kkTL._RC|51IWYO5M+zL.js,112nmCqUymL.js,11giXtZCwVL.js,01+z+uIeJ-L.js,014NohEdE7L.js,21NNXfMitSL.js,11GXfd3+z+L.js,51gm4oPD2cL.js,11AHlQhPRjL.js,11UNQpqeowL.js,11OREnu1epL.js,11KbZymw5ZL.js,21r53SJg7LL.js,0190vxtlzcL.js,51bbIMIQQwL.js,31KrK+dcMcL.js,01Gf12ogmOL.js,01ezj5Rkz1L.js,11VS-C+YWGL.js,31pOTH2ZMRL.js,01rpauTep4L.js,01zbcJxtbAL.js_.js?AUIClients/AmazonUI&tbOQM7bq#page_type-Detail.309035-T1, line 150: SyntaxError: FontFaceSet.load: Invalid font shorthand
JavaScript error: https://images-na.ssl-images-amazon.com/images/I/11Y+5x+kkTL._RC|51IWYO5M+zL.js,112nmCqUymL.js,11giXtZCwVL.js,01+z+uIeJ-L.js,014NohEdE7L.js,21NNXfMitSL.js,11GXfd3+z+L.js,51gm4oPD2cL.js,11AHlQhPRjL.js,11UNQpqeowL.js,11OREnu1epL.js,11KbZymw5ZL.js,21r53SJg7LL.js,0190vxtlzcL.js,51bbIMIQQwL.js,31KrK+dcMcL.js,01Gf12ogmOL.js,01ezj5Rkz1L.js,11VS-C+YWGL.js,31pOTH2ZMRL.js,01rpauTep4L.js,01zbcJxtbAL.js_.js?AUIClients/AmazonUI&tbOQM7bq#page_type-Detail.309035-T1, line 150: SyntaxError: FontFaceSet.load: Invalid font shorthand
JavaScript error: https://images-na.ssl-images-amazon.com/images/I/01iEcpPcoKL._RC|01x4giTy+uL.js,01r9LpT6pbL.js,31Y-4KbEpTL.js,11yAqqXzKZL.js,81QZUp7rm4L.js,01ELLYeIOkL.js_.js?AUIClients/Brila, line 107: Error: Cannot use create a virtual MediaSource for this video
1616148828163	Marionette	WARN	Ignoring event 'DOMContentLoaded' because document has an invalid readyState of 'complete'.
Exiting due to channel error.
Exiting due to channel error.
Exiting due to channel error.
1616148865256	geckodriver	INFO	Listening on 127.0.0.1:60587
1616148865265	mozrunner::runner	INFO	Running command: "/usr/bin/firefox" "--marionette" "-foreground" "-no-remote" "-profile" "/tmp/rust_mozprofileDSB38V"
console.warn: SearchSettings: "get: No settings file exists, new profile?" (new Error("", "(unknown module)"))
1616148869798	Marionette	INFO	Listening on port 37137
1616148869898	Marionette	WARN	TLS certificate errors will be ignored for this session
JavaScript error: https://images-na.ssl-images-amazon.com/images/I/11Y+5x+kkTL._RC|51IWYO5M+zL.js,112nmCqUymL.js,11giXtZCwVL.js,01+z+uIeJ-L.js,014NohEdE7L.js,21NNXfMitSL.js,11GXfd3+z+L.js,11AHlQhPRjL.js,11UNQpqeowL.js,11OREnu1epL.js,11KbZymw5ZL.js,21r53SJg7LL.js,0190vxtlzcL.js,01ezj5Rkz1L.js,11VS-C+YWGL.js,31pOTH2ZMRL.js,01rpauTep4L.js,01zbcJxtbAL.js_.js?AUIClients/AmazonUI&Dj66etiu#page_type-Detail.319488-T1.309035-T1, line 150: SyntaxError: FontFaceSet.load: Invalid font shorthand
JavaScript error: https://images-na.ssl-images-amazon.com/images/I/11Y+5x+kkTL._RC|51IWYO5M+zL.js,112nmCqUymL.js,11giXtZCwVL.js,01+z+uIeJ-L.js,014NohEdE7L.js,21NNXfMitSL.js,11GXfd3+z+L.js,11AHlQhPRjL.js,11UNQpqeowL.js,11OREnu1epL.js,11KbZymw5ZL.js,21r53SJg7LL.js,0190vxtlzcL.js,01ezj5Rkz1L.js,11VS-C+YWGL.js,31pOTH2ZMRL.js,01rpauTep4L.js,01zbcJxtbAL.js_.js?AUIClients/AmazonUI&Dj66etiu#page_type-Detail.319488-T1.309035-T1, line 150: SyntaxError: FontFaceSet.load: Invalid font shorthand
JavaScript error: https://images-na.ssl-images-amazon.com/images/I/11Y+5x+kkTL._RC|51IWYO5M+zL.js,112nmCqUymL.js,11giXtZCwVL.js,01+z+uIeJ-L.js,014NohEdE7L.js,21NNXfMitSL.js,11GXfd3+z+L.js,11AHlQhPRjL.js,11UNQpqeowL.js,11OREnu1epL.js,11KbZymw5ZL.js,21r53SJg7LL.js,0190vxtlzcL.js,01ezj5Rkz1L.js,11VS-C+YWGL.js,31pOTH2ZMRL.js,01rpauTep4L.js,01zbcJxtbAL.js_.js?AUIClients/AmazonUI&Dj66etiu#page_type-Detail.319488-T1.309035-T1, line 150: SyntaxError: FontFaceSet.load: Invalid font shorthand
JavaScript error: https://images-na.ssl-images-amazon.com/images/I/11Y+5x+kkTL._RC|51IWYO5M+zL.js,112nmCqUymL.js,11giXtZCwVL.js,01+z+uIeJ-L.js,014NohEdE7L.js,21NNXfMitSL.js,11GXfd3+z+L.js,11AHlQhPRjL.js,11UNQpqeowL.js,11OREnu1epL.js,11KbZymw5ZL.js,21r53SJg7LL.js,0190vxtlzcL.js,01ezj5Rkz1L.js,11VS-C+YWGL.js,31pOTH2ZMRL.js,01rpauTep4L.js,01zbcJxtbAL.js_.js?AUIClients/AmazonUI&Dj66etiu#page_type-Detail.319488-T1.309035-T1, line 150: SyntaxError: FontFaceSet.load: Invalid font shorthand
JavaScript error: https://images-na.ssl-images-amazon.com/images/I/01iEcpPcoKL._RC|01x4giTy+uL.js,01r9LpT6pbL.js,31Y-4KbEpTL.js,11yAqqXzKZL.js,81QZUp7rm4L.js,01ELLYeIOkL.js_.js?AUIClients/Brila, line 107: Error: Cannot use create a virtual MediaSource for this video
JavaScript error: https://images-na.ssl-images-amazon.com/images/I/41eF0jJqsmL._RC|71O2Uk+JZxL.js,61Fx4tQSQ3L.js,41W9ohA0e+L.js,11XScV0Nr4L.js,21cmvUGs-3L.js,11ltDFUycFL.js,41SZNgvX4oL.js,51pktuVkksL.js,31qkpNdCLUL.js,01TL9qHh2UL.js,01KW1GJCT1L.js,313wGfJU0iL.js_.js?AUIClients/NavDesktopUberAsset&E80S1SMO#desktop.320369-T1, line 349: SyntaxError: JSON.parse: unexpected end of data at line 1 column 1 of the JSON data
SourceActor threw an exception: [Exception... "Failed to open input source 'javascript:void(false)'"  nsresult: "0x80040111 (NS_ERROR_NOT_AVAILABLE)"  location: "JS frame :: resource://devtools/shared/DevToolsUtils.js :: mainThreadFetch/< :: line 670"  data: yes]
Stack: mainThreadFetch/<@resource://devtools/shared/DevToolsUtils.js:670:15
mainThreadFetch@resource://devtools/shared/DevToolsUtils.js:516:10
_fetchURLContents@resource://devtools/server/actors/utils/sources-manager.js:439:22
urlContents@resource://devtools/server/actors/utils/sources-manager.js:406:17
_resurrectSource@resource://devtools/server/actors/thread.js:2106:35
addAllSources@resource://devtools/server/actors/thread.js:1464:14
watch@resource://devtools/server/actors/resources/sources.js:52:17
watchResources@resource://devtools/server/actors/resources/index.js:204:19
_watchTargetResources@resource://devtools/server/actors/targets/target-actor-mixin.js:68:24
addWatcherDataEntry@resource://devtools/server/actors/targets/target-actor-mixin.js:29:20
_addWatcherDataEntry@resource://devtools/server/connectors/js-window-actor/DevToolsFrameChild.jsm:411:24
receiveMessage@resource://devtools/server/connectors/js-window-actor/DevToolsFrameChild.jsm:353:21
Line: 670, column: 0
console.error: ({})
JavaScript error: resource://devtools/shared/DevToolsUtils.js, line 670: NS_ERROR_NOT_AVAILABLE: Failed to open input source 'javascript:void(false)'
Exiting due to channel error.
Exiting due to channel error.
Exiting due to channel error.
1616149008915	geckodriver	INFO	Listening on 127.0.0.1:40173
1616149008925	mozrunner::runner	INFO	Running command: "/usr/bin/firefox" "--marionette" "-foreground" "-no-remote" "-profile" "/tmp/rust_mozprofileTWmpJN"
console.warn: SearchSettings: "get: No settings file exists, new profile?" (new Error("", "(unknown module)"))
1616149013703	Marionette	INFO	Listening on port 32775
1616149013763	Marionette	WARN	TLS certificate errors will be ignored for this session
console.error: Region.jsm: "Error fetching region" (new Error("TIMEOUT", "resource://gre/modules/Region.jsm", 775))
console.error: Region.jsm: "Failed to fetch region" (new Error("TIMEOUT", "resource://gre/modules/Region.jsm", 422))
JavaScript error: https://images-na.ssl-images-amazon.com/images/I/11Y+5x+kkTL._RC|51IWYO5M+zL.js,112nmCqUymL.js,11giXtZCwVL.js,01+z+uIeJ-L.js,014NohEdE7L.js,21NNXfMitSL.js,11GXfd3+z+L.js,51gm4oPD2cL.js,11AHlQhPRjL.js,11UNQpqeowL.js,11OREnu1epL.js,11KbZymw5ZL.js,21r53SJg7LL.js,0190vxtlzcL.js,51bbIMIQQwL.js,31KrK+dcMcL.js,01Gf12ogmOL.js,01ezj5Rkz1L.js,11VS-C+YWGL.js,31pOTH2ZMRL.js,01rpauTep4L.js,01zbcJxtbAL.js_.js?AUIClients/AmazonUI&Dj66etiu#page_type-Detail.319488-T1.309035-T1, line 150: SyntaxError: FontFaceSet.load: Invalid font shorthand
JavaScript error: https://images-na.ssl-images-amazon.com/images/I/11Y+5x+kkTL._RC|51IWYO5M+zL.js,112nmCqUymL.js,11giXtZCwVL.js,01+z+uIeJ-L.js,014NohEdE7L.js,21NNXfMitSL.js,11GXfd3+z+L.js,51gm4oPD2cL.js,11AHlQhPRjL.js,11UNQpqeowL.js,11OREnu1epL.js,11KbZymw5ZL.js,21r53SJg7LL.js,0190vxtlzcL.js,51bbIMIQQwL.js,31KrK+dcMcL.js,01Gf12ogmOL.js,01ezj5Rkz1L.js,11VS-C+YWGL.js,31pOTH2ZMRL.js,01rpauTep4L.js,01zbcJxtbAL.js_.js?AUIClients/AmazonUI&Dj66etiu#page_type-Detail.319488-T1.309035-T1, line 150: SyntaxError: FontFaceSet.load: Invalid font shorthand
JavaScript error: https://images-na.ssl-images-amazon.com/images/I/11Y+5x+kkTL._RC|51IWYO5M+zL.js,112nmCqUymL.js,11giXtZCwVL.js,01+z+uIeJ-L.js,014NohEdE7L.js,21NNXfMitSL.js,11GXfd3+z+L.js,51gm4oPD2cL.js,11AHlQhPRjL.js,11UNQpqeowL.js,11OREnu1epL.js,11KbZymw5ZL.js,21r53SJg7LL.js,0190vxtlzcL.js,51bbIMIQQwL.js,31KrK+dcMcL.js,01Gf12ogmOL.js,01ezj5Rkz1L.js,11VS-C+YWGL.js,31pOTH2ZMRL.js,01rpauTep4L.js,01zbcJxtbAL.js_.js?AUIClients/AmazonUI&Dj66etiu#page_type-Detail.319488-T1.309035-T1, line 150: SyntaxError: FontFaceSet.load: Invalid font shorthand
JavaScript error: https://images-na.ssl-images-amazon.com/images/I/11Y+5x+kkTL._RC|51IWYO5M+zL.js,112nmCqUymL.js,11giXtZCwVL.js,01+z+uIeJ-L.js,014NohEdE7L.js,21NNXfMitSL.js,11GXfd3+z+L.js,51gm4oPD2cL.js,11AHlQhPRjL.js,11UNQpqeowL.js,11OREnu1epL.js,11KbZymw5ZL.js,21r53SJg7LL.js,0190vxtlzcL.js,51bbIMIQQwL.js,31KrK+dcMcL.js,01Gf12ogmOL.js,01ezj5Rkz1L.js,11VS-C+YWGL.js,31pOTH2ZMRL.js,01rpauTep4L.js,01zbcJxtbAL.js_.js?AUIClients/AmazonUI&Dj66etiu#page_type-Detail.319488-T1.309035-T1, line 150: SyntaxError: FontFaceSet.load: Invalid font shorthand
JavaScript error: https://images-na.ssl-images-amazon.com/images/I/01iEcpPcoKL._RC|01x4giTy+uL.js,01r9LpT6pbL.js,31Y-4KbEpTL.js,11yAqqXzKZL.js,81QZUp7rm4L.js,01ELLYeIOkL.js_.js?AUIClients/Brila, line 107: Error: Cannot use create a virtual MediaSource for this video
SourceActor threw an exception: [Exception... "Failed to open input source 'javascript:void(false)'"  nsresult: "0x80040111 (NS_ERROR_NOT_AVAILABLE)"  location: "JS frame :: resource://devtools/shared/DevToolsUtils.js :: mainThreadFetch/< :: line 670"  data: yes]
Stack: mainThreadFetch/<@resource://devtools/shared/DevToolsUtils.js:670:15
mainThreadFetch@resource://devtools/shared/DevToolsUtils.js:516:10
_fetchURLContents@resource://devtools/server/actors/utils/sources-manager.js:439:22
urlContents@resource://devtools/server/actors/utils/sources-manager.js:406:17
_resurrectSource@resource://devtools/server/actors/thread.js:2106:35
addAllSources@resource://devtools/server/actors/thread.js:1464:14
watch@resource://devtools/server/actors/resources/sources.js:52:17
watchResources@resource://devtools/server/actors/resources/index.js:204:19
_watchTargetResources@resource://devtools/server/actors/targets/target-actor-mixin.js:68:24
addWatcherDataEntry@resource://devtools/server/actors/targets/target-actor-mixin.js:29:20
_addWatcherDataEntry@resource://devtools/server/connectors/js-window-actor/DevToolsFrameChild.jsm:411:24
receiveMessage@resource://devtools/server/connectors/js-window-actor/DevToolsFrameChild.jsm:353:21
Line: 670, column: 0
console.error: ({})
JavaScript error: resource://devtools/shared/DevToolsUtils.js, line 670: NS_ERROR_NOT_AVAILABLE: Failed to open input source 'javascript:void(false)'
JavaScript error: resource://activity-stream/lib/ASRouter.jsm, line 988: NS_ERROR_ILLEGAL_VALUE: Component returned failure code: 0x80070057 (NS_ERROR_ILLEGAL_VALUE) [nsIObserverService.removeObserver]
1616149246436	Marionette	INFO	Stopped listening on port 32775

###!!! [Parent][RunMessage] Error: Channel closing: too late to send/recv, messages will be lost

1616149493364	geckodriver	INFO	Listening on 127.0.0.1:58275
1616149493373	mozrunner::runner	INFO	Running command: "/usr/bin/firefox" "--marionette" "-foreground" "-no-remote" "-profile" "/tmp/rust_mozprofileJ4FSkN"
console.warn: SearchSettings: "get: No settings file exists, new profile?" (new Error("", "(unknown module)"))
1616149497666	Marionette	INFO	Listening on port 46229
1616149497706	Marionette	WARN	TLS certificate errors will be ignored for this session
console.error: Region.jsm: "Error fetching region" (new Error("TIMEOUT", "resource://gre/modules/Region.jsm", 775))
console.error: Region.jsm: "Failed to fetch region" (new Error("TIMEOUT", "resource://gre/modules/Region.jsm", 422))
Exiting due to channel error.
[GFX1-]: Receive IPC close with reason=AbnormalShutdown
Exiting due to channel error.
Exiting due to channel error.
1616149525492	geckodriver	INFO	Listening on 127.0.0.1:52487
1616149525499	mozrunner::runner	INFO	Running command: "/usr/bin/firefox" "--marionette" "-foreground" "-no-remote" "-profile" "/tmp/rust_mozprofileH4IDd9"
console.warn: SearchSettings: "get: No settings file exists, new profile?" (new Error("", "(unknown module)"))
1616149529946	Marionette	INFO	Listening on port 46667
1616149530029	Marionette	WARN	TLS certificate errors will be ignored for this session
console.error: Region.jsm: "Error fetching region" (new Error("TIMEOUT", "resource://gre/modules/Region.jsm", 775))
console.error: Region.jsm: "Failed to fetch region" (new Error("TIMEOUT", "resource://gre/modules/Region.jsm", 422))
Exiting due to channel error.
Exiting due to channel error.
Exiting due to channel error.
1616149565715	geckodriver	INFO	Listening on 127.0.0.1:58207
1616149565725	mozrunner::runner	INFO	Running command: "/usr/bin/firefox" "--marionette" "-foreground" "-no-remote" "-profile" "/tmp/rust_mozprofileG5rPuZ"
console.warn: SearchSettings: "get: No settings file exists, new profile?" (new Error("", "(unknown module)"))
1616149570533	Marionette	INFO	Listening on port 33579
1616149570557	Marionette	WARN	TLS certificate errors will be ignored for this session
JavaScript error: https://images-na.ssl-images-amazon.com/images/I/11Y+5x+kkTL._RC|51IWYO5M+zL.js,112nmCqUymL.js,11giXtZCwVL.js,01+z+uIeJ-L.js,014NohEdE7L.js,21NNXfMitSL.js,11GXfd3+z+L.js,11AHlQhPRjL.js,11UNQpqeowL.js,11OREnu1epL.js,11KbZymw5ZL.js,21r53SJg7LL.js,0190vxtlzcL.js,01ezj5Rkz1L.js,11VS-C+YWGL.js,31pOTH2ZMRL.js,01rpauTep4L.js,01zbcJxtbAL.js_.js?AUIClients/AmazonUI&Dj66etiu#page_type-Detail.319488-T1.309035-T1, line 150: SyntaxError: FontFaceSet.load: Invalid font shorthand
JavaScript error: https://images-na.ssl-images-amazon.com/images/I/11Y+5x+kkTL._RC|51IWYO5M+zL.js,112nmCqUymL.js,11giXtZCwVL.js,01+z+uIeJ-L.js,014NohEdE7L.js,21NNXfMitSL.js,11GXfd3+z+L.js,11AHlQhPRjL.js,11UNQpqeowL.js,11OREnu1epL.js,11KbZymw5ZL.js,21r53SJg7LL.js,0190vxtlzcL.js,01ezj5Rkz1L.js,11VS-C+YWGL.js,31pOTH2ZMRL.js,01rpauTep4L.js,01zbcJxtbAL.js_.js?AUIClients/AmazonUI&Dj66etiu#page_type-Detail.319488-T1.309035-T1, line 150: SyntaxError: FontFaceSet.load: Invalid font shorthand
JavaScript error: https://images-na.ssl-images-amazon.com/images/I/11Y+5x+kkTL._RC|51IWYO5M+zL.js,112nmCqUymL.js,11giXtZCwVL.js,01+z+uIeJ-L.js,014NohEdE7L.js,21NNXfMitSL.js,11GXfd3+z+L.js,11AHlQhPRjL.js,11UNQpqeowL.js,11OREnu1epL.js,11KbZymw5ZL.js,21r53SJg7LL.js,0190vxtlzcL.js,01ezj5Rkz1L.js,11VS-C+YWGL.js,31pOTH2ZMRL.js,01rpauTep4L.js,01zbcJxtbAL.js_.js?AUIClients/AmazonUI&Dj66etiu#page_type-Detail.319488-T1.309035-T1, line 150: SyntaxError: FontFaceSet.load: Invalid font shorthand
JavaScript error: https://images-na.ssl-images-amazon.com/images/I/11Y+5x+kkTL._RC|51IWYO5M+zL.js,112nmCqUymL.js,11giXtZCwVL.js,01+z+uIeJ-L.js,014NohEdE7L.js,21NNXfMitSL.js,11GXfd3+z+L.js,11AHlQhPRjL.js,11UNQpqeowL.js,11OREnu1epL.js,11KbZymw5ZL.js,21r53SJg7LL.js,0190vxtlzcL.js,01ezj5Rkz1L.js,11VS-C+YWGL.js,31pOTH2ZMRL.js,01rpauTep4L.js,01zbcJxtbAL.js_.js?AUIClients/AmazonUI&Dj66etiu#page_type-Detail.319488-T1.309035-T1, line 150: SyntaxError: FontFaceSet.load: Invalid font shorthand
JavaScript error: https://images-na.ssl-images-amazon.com/images/I/01iEcpPcoKL._RC|01x4giTy+uL.js,01r9LpT6pbL.js,31Y-4KbEpTL.js,11yAqqXzKZL.js,81QZUp7rm4L.js,01ELLYeIOkL.js_.js?AUIClients/Brila, line 107: Error: Cannot use create a virtual MediaSource for this video
1616149617941	Marionette	WARN	Ignoring event 'DOMContentLoaded' because document has an invalid readyState of 'complete'.
JavaScript error: resource://activity-stream/lib/ASRouter.jsm, line 988: NS_ERROR_ILLEGAL_VALUE: Component returned failure code: 0x80070057 (NS_ERROR_ILLEGAL_VALUE) [nsIObserverService.removeObserver]
1616149752999	Marionette	INFO	Stopped listening on port 33579

###!!! [Parent][RunMessage] Error: Channel closing: too late to send/recv, messages will be lost

1616149755004	geckodriver	INFO	Listening on 127.0.0.1:55805
1616149755014	mozrunner::runner	INFO	Running command: "/usr/bin/firefox" "--marionette" "-foreground" "-no-remote" "-profile" "/tmp/rust_mozprofileh9HRWB"
console.warn: SearchSettings: "get: No settings file exists, new profile?" (new Error("", "(unknown module)"))
1616149759755	Marionette	INFO	Listening on port 42297
1616149759854	Marionette	WARN	TLS certificate errors will be ignored for this session
JavaScript error: https://images-na.ssl-images-amazon.com/images/I/01iEcpPcoKL._RC|01x4giTy+uL.js,01r9LpT6pbL.js,31Y-4KbEpTL.js,11yAqqXzKZL.js,81QZUp7rm4L.js,01ELLYeIOkL.js_.js?AUIClients/Brila, line 107: Error: Cannot use create a virtual MediaSource for this video
JavaScript error: https://images-na.ssl-images-amazon.com/images/I/11Y+5x+kkTL._RC|51IWYO5M+zL.js,112nmCqUymL.js,11giXtZCwVL.js,01+z+uIeJ-L.js,014NohEdE7L.js,21NNXfMitSL.js,11GXfd3+z+L.js,11AHlQhPRjL.js,11UNQpqeowL.js,11OREnu1epL.js,11KbZymw5ZL.js,21r53SJg7LL.js,0190vxtlzcL.js,01ezj5Rkz1L.js,11VS-C+YWGL.js,31pOTH2ZMRL.js,01rpauTep4L.js,01zbcJxtbAL.js_.js?AUIClients/AmazonUI&Dj66etiu#page_type-Detail.319488-T1.309035-T1, line 150: SyntaxError: FontFaceSet.load: Invalid font shorthand
JavaScript error: https://images-na.ssl-images-amazon.com/images/I/11Y+5x+kkTL._RC|51IWYO5M+zL.js,112nmCqUymL.js,11giXtZCwVL.js,01+z+uIeJ-L.js,014NohEdE7L.js,21NNXfMitSL.js,11GXfd3+z+L.js,11AHlQhPRjL.js,11UNQpqeowL.js,11OREnu1epL.js,11KbZymw5ZL.js,21r53SJg7LL.js,0190vxtlzcL.js,01ezj5Rkz1L.js,11VS-C+YWGL.js,31pOTH2ZMRL.js,01rpauTep4L.js,01zbcJxtbAL.js_.js?AUIClients/AmazonUI&Dj66etiu#page_type-Detail.319488-T1.309035-T1, line 150: SyntaxError: FontFaceSet.load: Invalid font shorthand
JavaScript error: https://images-na.ssl-images-amazon.com/images/I/11Y+5x+kkTL._RC|51IWYO5M+zL.js,112nmCqUymL.js,11giXtZCwVL.js,01+z+uIeJ-L.js,014NohEdE7L.js,21NNXfMitSL.js,11GXfd3+z+L.js,11AHlQhPRjL.js,11UNQpqeowL.js,11OREnu1epL.js,11KbZymw5ZL.js,21r53SJg7LL.js,0190vxtlzcL.js,01ezj5Rkz1L.js,11VS-C+YWGL.js,31pOTH2ZMRL.js,01rpauTep4L.js,01zbcJxtbAL.js_.js?AUIClients/AmazonUI&Dj66etiu#page_type-Detail.319488-T1.309035-T1, line 150: SyntaxError: FontFaceSet.load: Invalid font shorthand
JavaScript error: https://images-na.ssl-images-amazon.com/images/I/11Y+5x+kkTL._RC|51IWYO5M+zL.js,112nmCqUymL.js,11giXtZCwVL.js,01+z+uIeJ-L.js,014NohEdE7L.js,21NNXfMitSL.js,11GXfd3+z+L.js,11AHlQhPRjL.js,11UNQpqeowL.js,11OREnu1epL.js,11KbZymw5ZL.js,21r53SJg7LL.js,0190vxtlzcL.js,01ezj5Rkz1L.js,11VS-C+YWGL.js,31pOTH2ZMRL.js,01rpauTep4L.js,01zbcJxtbAL.js_.js?AUIClients/AmazonUI&Dj66etiu#page_type-Detail.319488-T1.309035-T1, line 150: SyntaxError: FontFaceSet.load: Invalid font shorthand
Exiting due to channel error.
Exiting due to channel error.
Exiting due to channel error.
1616149871154	geckodriver	INFO	Listening on 127.0.0.1:59061
1616149871164	mozrunner::runner	INFO	Running command: "/usr/bin/firefox" "--marionette" "-foreground" "-no-remote" "-profile" "/tmp/rust_mozprofilejoUc1c"
console.warn: SearchSettings: "get: No settings file exists, new profile?" (new Error("", "(unknown module)"))
1616149875916	Marionette	INFO	Listening on port 42345
1616149876005	Marionette	WARN	TLS certificate errors will be ignored for this session
JavaScript error: https://images-na.ssl-images-amazon.com/images/I/01iEcpPcoKL._RC|01x4giTy+uL.js,01r9LpT6pbL.js,31Y-4KbEpTL.js,11yAqqXzKZL.js,81QZUp7rm4L.js,01ELLYeIOkL.js_.js?AUIClients/Brila, line 107: Error: Cannot use create a virtual MediaSource for this video
JavaScript error: https://images-na.ssl-images-amazon.com/images/I/11Y+5x+kkTL._RC|51IWYO5M+zL.js,112nmCqUymL.js,11giXtZCwVL.js,01+z+uIeJ-L.js,014NohEdE7L.js,21NNXfMitSL.js,11GXfd3+z+L.js,11AHlQhPRjL.js,11UNQpqeowL.js,11OREnu1epL.js,11KbZymw5ZL.js,21r53SJg7LL.js,0190vxtlzcL.js,01ezj5Rkz1L.js,11VS-C+YWGL.js,31pOTH2ZMRL.js,01rpauTep4L.js,01zbcJxtbAL.js_.js?AUIClients/AmazonUI&tbOQM7bq#page_type-Detail.309035-T1, line 150: SyntaxError: FontFaceSet.load: Invalid font shorthand
JavaScript error: https://images-na.ssl-images-amazon.com/images/I/11Y+5x+kkTL._RC|51IWYO5M+zL.js,112nmCqUymL.js,11giXtZCwVL.js,01+z+uIeJ-L.js,014NohEdE7L.js,21NNXfMitSL.js,11GXfd3+z+L.js,11AHlQhPRjL.js,11UNQpqeowL.js,11OREnu1epL.js,11KbZymw5ZL.js,21r53SJg7LL.js,0190vxtlzcL.js,01ezj5Rkz1L.js,11VS-C+YWGL.js,31pOTH2ZMRL.js,01rpauTep4L.js,01zbcJxtbAL.js_.js?AUIClients/AmazonUI&tbOQM7bq#page_type-Detail.309035-T1, line 150: SyntaxError: FontFaceSet.load: Invalid font shorthand
JavaScript error: https://images-na.ssl-images-amazon.com/images/I/11Y+5x+kkTL._RC|51IWYO5M+zL.js,112nmCqUymL.js,11giXtZCwVL.js,01+z+uIeJ-L.js,014NohEdE7L.js,21NNXfMitSL.js,11GXfd3+z+L.js,11AHlQhPRjL.js,11UNQpqeowL.js,11OREnu1epL.js,11KbZymw5ZL.js,21r53SJg7LL.js,0190vxtlzcL.js,01ezj5Rkz1L.js,11VS-C+YWGL.js,31pOTH2ZMRL.js,01rpauTep4L.js,01zbcJxtbAL.js_.js?AUIClients/AmazonUI&tbOQM7bq#page_type-Detail.309035-T1, line 150: SyntaxError: FontFaceSet.load: Invalid font shorthand
JavaScript error: https://images-na.ssl-images-amazon.com/images/I/11Y+5x+kkTL._RC|51IWYO5M+zL.js,112nmCqUymL.js,11giXtZCwVL.js,01+z+uIeJ-L.js,014NohEdE7L.js,21NNXfMitSL.js,11GXfd3+z+L.js,11AHlQhPRjL.js,11UNQpqeowL.js,11OREnu1epL.js,11KbZymw5ZL.js,21r53SJg7LL.js,0190vxtlzcL.js,01ezj5Rkz1L.js,11VS-C+YWGL.js,31pOTH2ZMRL.js,01rpauTep4L.js,01zbcJxtbAL.js_.js?AUIClients/AmazonUI&tbOQM7bq#page_type-Detail.309035-T1, line 150: SyntaxError: FontFaceSet.load: Invalid font shorthand
Exiting due to channel error.
Exiting due to channel error.
Exiting due to channel error.
1616150460561	geckodriver	INFO	Listening on 127.0.0.1:45961
1616150460568	mozrunner::runner	INFO	Running command: "/usr/bin/firefox" "--marionette" "-foreground" "-no-remote" "-profile" "/tmp/rust_mozprofileRv9Coo"
console.warn: SearchSettings: "get: No settings file exists, new profile?" (new Error("", "(unknown module)"))
1616150465310	Marionette	INFO	Listening on port 39675
1616150465399	Marionette	WARN	TLS certificate errors will be ignored for this session
JavaScript error: https://images-na.ssl-images-amazon.com/images/I/11Y+5x+kkTL._RC|51IWYO5M+zL.js,112nmCqUymL.js,11giXtZCwVL.js,01+z+uIeJ-L.js,014NohEdE7L.js,21NNXfMitSL.js,11GXfd3+z+L.js,51gm4oPD2cL.js,11AHlQhPRjL.js,11UNQpqeowL.js,11OREnu1epL.js,11KbZymw5ZL.js,21r53SJg7LL.js,0190vxtlzcL.js,51bbIMIQQwL.js,31KrK+dcMcL.js,01Gf12ogmOL.js,01ezj5Rkz1L.js,11VS-C+YWGL.js,31pOTH2ZMRL.js,01rpauTep4L.js,01zbcJxtbAL.js_.js?AUIClients/AmazonUI&Dj66etiu#page_type-Detail.319488-T1.309035-T1, line 150: SyntaxError: FontFaceSet.load: Invalid font shorthand
JavaScript error: https://images-na.ssl-images-amazon.com/images/I/11Y+5x+kkTL._RC|51IWYO5M+zL.js,112nmCqUymL.js,11giXtZCwVL.js,01+z+uIeJ-L.js,014NohEdE7L.js,21NNXfMitSL.js,11GXfd3+z+L.js,51gm4oPD2cL.js,11AHlQhPRjL.js,11UNQpqeowL.js,11OREnu1epL.js,11KbZymw5ZL.js,21r53SJg7LL.js,0190vxtlzcL.js,51bbIMIQQwL.js,31KrK+dcMcL.js,01Gf12ogmOL.js,01ezj5Rkz1L.js,11VS-C+YWGL.js,31pOTH2ZMRL.js,01rpauTep4L.js,01zbcJxtbAL.js_.js?AUIClients/AmazonUI&Dj66etiu#page_type-Detail.319488-T1.309035-T1, line 150: SyntaxError: FontFaceSet.load: Invalid font shorthand
JavaScript error: https://images-na.ssl-images-amazon.com/images/I/11Y+5x+kkTL._RC|51IWYO5M+zL.js,112nmCqUymL.js,11giXtZCwVL.js,01+z+uIeJ-L.js,014NohEdE7L.js,21NNXfMitSL.js,11GXfd3+z+L.js,51gm4oPD2cL.js,11AHlQhPRjL.js,11UNQpqeowL.js,11OREnu1epL.js,11KbZymw5ZL.js,21r53SJg7LL.js,0190vxtlzcL.js,51bbIMIQQwL.js,31KrK+dcMcL.js,01Gf12ogmOL.js,01ezj5Rkz1L.js,11VS-C+YWGL.js,31pOTH2ZMRL.js,01rpauTep4L.js,01zbcJxtbAL.js_.js?AUIClients/AmazonUI&Dj66etiu#page_type-Detail.319488-T1.309035-T1, line 150: SyntaxError: FontFaceSet.load: Invalid font shorthand
JavaScript error: https://images-na.ssl-images-amazon.com/images/I/11Y+5x+kkTL._RC|51IWYO5M+zL.js,112nmCqUymL.js,11giXtZCwVL.js,01+z+uIeJ-L.js,014NohEdE7L.js,21NNXfMitSL.js,11GXfd3+z+L.js,51gm4oPD2cL.js,11AHlQhPRjL.js,11UNQpqeowL.js,11OREnu1epL.js,11KbZymw5ZL.js,21r53SJg7LL.js,0190vxtlzcL.js,51bbIMIQQwL.js,31KrK+dcMcL.js,01Gf12ogmOL.js,01ezj5Rkz1L.js,11VS-C+YWGL.js,31pOTH2ZMRL.js,01rpauTep4L.js,01zbcJxtbAL.js_.js?AUIClients/AmazonUI&Dj66etiu#page_type-Detail.319488-T1.309035-T1, line 150: SyntaxError: FontFaceSet.load: Invalid font shorthand
JavaScript error: https://images-na.ssl-images-amazon.com/images/I/01iEcpPcoKL._RC|01x4giTy+uL.js,01r9LpT6pbL.js,31Y-4KbEpTL.js,11yAqqXzKZL.js,81QZUp7rm4L.js,01ELLYeIOkL.js_.js?AUIClients/Brila, line 107: Error: Cannot use create a virtual MediaSource for this video
JavaScript error: resource://activity-stream/lib/ASRouter.jsm, line 988: NS_ERROR_ILLEGAL_VALUE: Component returned failure code: 0x80070057 (NS_ERROR_ILLEGAL_VALUE) [nsIObserverService.removeObserver]
1616150510313	Marionette	INFO	Stopped listening on port 39675

###!!! [Parent][RunMessage] Error: Channel closing: too late to send/recv, messages will be lost

1616150518126	geckodriver	INFO	Listening on 127.0.0.1:39907
1616150518133	mozrunner::runner	INFO	Running command: "/usr/bin/firefox" "--marionette" "-foreground" "-no-remote" "-profile" "/tmp/rust_mozprofileOYQAcR"
console.warn: SearchSettings: "get: No settings file exists, new profile?" (new Error("", "(unknown module)"))
1616150522813	Marionette	INFO	Listening on port 35405
1616150522867	Marionette	WARN	TLS certificate errors will be ignored for this session
JavaScript error: https://images-na.ssl-images-amazon.com/images/I/11Y+5x+kkTL._RC|51IWYO5M+zL.js,112nmCqUymL.js,11giXtZCwVL.js,01+z+uIeJ-L.js,014NohEdE7L.js,21NNXfMitSL.js,11GXfd3+z+L.js,11AHlQhPRjL.js,11UNQpqeowL.js,11OREnu1epL.js,11KbZymw5ZL.js,21r53SJg7LL.js,0190vxtlzcL.js,01ezj5Rkz1L.js,11VS-C+YWGL.js,31pOTH2ZMRL.js,01rpauTep4L.js,01zbcJxtbAL.js_.js?AUIClients/AmazonUI&tbOQM7bq#page_type-Detail.309035-T1, line 150: SyntaxError: FontFaceSet.load: Invalid font shorthand
JavaScript error: https://images-na.ssl-images-amazon.com/images/I/11Y+5x+kkTL._RC|51IWYO5M+zL.js,112nmCqUymL.js,11giXtZCwVL.js,01+z+uIeJ-L.js,014NohEdE7L.js,21NNXfMitSL.js,11GXfd3+z+L.js,11AHlQhPRjL.js,11UNQpqeowL.js,11OREnu1epL.js,11KbZymw5ZL.js,21r53SJg7LL.js,0190vxtlzcL.js,01ezj5Rkz1L.js,11VS-C+YWGL.js,31pOTH2ZMRL.js,01rpauTep4L.js,01zbcJxtbAL.js_.js?AUIClients/AmazonUI&tbOQM7bq#page_type-Detail.309035-T1, line 150: SyntaxError: FontFaceSet.load: Invalid font shorthand
JavaScript error: https://images-na.ssl-images-amazon.com/images/I/11Y+5x+kkTL._RC|51IWYO5M+zL.js,112nmCqUymL.js,11giXtZCwVL.js,01+z+uIeJ-L.js,014NohEdE7L.js,21NNXfMitSL.js,11GXfd3+z+L.js,11AHlQhPRjL.js,11UNQpqeowL.js,11OREnu1epL.js,11KbZymw5ZL.js,21r53SJg7LL.js,0190vxtlzcL.js,01ezj5Rkz1L.js,11VS-C+YWGL.js,31pOTH2ZMRL.js,01rpauTep4L.js,01zbcJxtbAL.js_.js?AUIClients/AmazonUI&tbOQM7bq#page_type-Detail.309035-T1, line 150: SyntaxError: FontFaceSet.load: Invalid font shorthand
JavaScript error: https://images-na.ssl-images-amazon.com/images/I/11Y+5x+kkTL._RC|51IWYO5M+zL.js,112nmCqUymL.js,11giXtZCwVL.js,01+z+uIeJ-L.js,014NohEdE7L.js,21NNXfMitSL.js,11GXfd3+z+L.js,11AHlQhPRjL.js,11UNQpqeowL.js,11OREnu1epL.js,11KbZymw5ZL.js,21r53SJg7LL.js,0190vxtlzcL.js,01ezj5Rkz1L.js,11VS-C+YWGL.js,31pOTH2ZMRL.js,01rpauTep4L.js,01zbcJxtbAL.js_.js?AUIClients/AmazonUI&tbOQM7bq#page_type-Detail.309035-T1, line 150: SyntaxError: FontFaceSet.load: Invalid font shorthand
JavaScript error: https://images-na.ssl-images-amazon.com/images/I/01iEcpPcoKL._RC|01x4giTy+uL.js,01r9LpT6pbL.js,31Y-4KbEpTL.js,11yAqqXzKZL.js,81QZUp7rm4L.js,01ELLYeIOkL.js_.js?AUIClients/Brila, line 107: Error: Cannot use create a virtual MediaSource for this video
JavaScript error: resource://activity-stream/lib/ASRouter.jsm, line 988: NS_ERROR_ILLEGAL_VALUE: Component returned failure code: 0x80070057 (NS_ERROR_ILLEGAL_VALUE) [nsIObserverService.removeObserver]
1616150552287	Marionette	INFO	Stopped listening on port 35405

###!!! [Parent][RunMessage] Error: Channel closing: too late to send/recv, messages will be lost

